ERROR - 2022-03-05 15:07:10 --> Error connecting to the database: No such file or directory
CRITICAL - 2022-03-05 15:07:10 --> Unable to connect to the database.
Main connection [MySQLi]: No such file or directory
#0 /run/media/usrx/DEV/itst/dp2f/aodsab/vendor/codeigniter4/framework/system/Database/BaseConnection.php(577): CodeIgniter\Database\BaseConnection->initialize()
#1 /run/media/usrx/DEV/itst/dp2f/aodsab/vendor/codeigniter4/framework/system/Database/BaseBuilder.php(1455): CodeIgniter\Database\BaseConnection->query()
#2 /run/media/usrx/DEV/itst/dp2f/aodsab/vendor/codeigniter4/framework/system/Model.php(183): CodeIgniter\Database\BaseBuilder->get()
#3 /run/media/usrx/DEV/itst/dp2f/aodsab/vendor/codeigniter4/framework/system/BaseModel.php(584): CodeIgniter\Model->doFindAll()
#4 /run/media/usrx/DEV/itst/dp2f/aodsab/app/Models/NewsModel.php(46): CodeIgniter\BaseModel->findAll()
#5 /run/media/usrx/DEV/itst/dp2f/aodsab/app/Controllers/NewsController.php(16): App\Models\NewsModel->getNews()
#6 /run/media/usrx/DEV/itst/dp2f/aodsab/vendor/codeigniter4/framework/system/CodeIgniter.php(825): App\Controllers\NewsController->index()
#7 /run/media/usrx/DEV/itst/dp2f/aodsab/vendor/codeigniter4/framework/system/CodeIgniter.php(412): CodeIgniter\CodeIgniter->runController()
#8 /run/media/usrx/DEV/itst/dp2f/aodsab/vendor/codeigniter4/framework/system/CodeIgniter.php(320): CodeIgniter\CodeIgniter->handleRequest()
#9 /run/media/usrx/DEV/itst/dp2f/aodsab/public/index.php(37): CodeIgniter\CodeIgniter->run()
#10 /run/media/usrx/DEV/itst/dp2f/aodsab/vendor/codeigniter4/framework/system/Commands/Server/rewrite.php(43): require_once('/run/media/usrx...')
#11 {main}
CRITICAL - 2022-03-05 15:50:31 --> Call to undefined method CodeIgniter\View\View::extends()
#0 /run/media/usrx/DEV/itst/dp2f/aodsab/vendor/codeigniter4/framework/system/View/View.php(210): include()
#1 /run/media/usrx/DEV/itst/dp2f/aodsab/vendor/codeigniter4/framework/system/View/View.php(213): CodeIgniter\View\View->CodeIgniter\View\{closure}()
#2 /run/media/usrx/DEV/itst/dp2f/aodsab/vendor/codeigniter4/framework/system/Common.php(1089): CodeIgniter\View\View->render()
#3 /run/media/usrx/DEV/itst/dp2f/aodsab/app/Controllers/NewsController.php(19): view()
#4 /run/media/usrx/DEV/itst/dp2f/aodsab/vendor/codeigniter4/framework/system/CodeIgniter.php(825): App\Controllers\NewsController->index()
#5 /run/media/usrx/DEV/itst/dp2f/aodsab/vendor/codeigniter4/framework/system/CodeIgniter.php(412): CodeIgniter\CodeIgniter->runController()
#6 /run/media/usrx/DEV/itst/dp2f/aodsab/vendor/codeigniter4/framework/system/CodeIgniter.php(320): CodeIgniter\CodeIgniter->handleRequest()
#7 /run/media/usrx/DEV/itst/dp2f/aodsab/public/index.php(37): CodeIgniter\CodeIgniter->run()
#8 /run/media/usrx/DEV/itst/dp2f/aodsab/vendor/codeigniter4/framework/system/Commands/Server/rewrite.php(43): require_once('/run/media/usrx...')
#9 {main}
CRITICAL - 2022-03-05 15:51:21 --> Call to undefined method CodeIgniter\View\View::extends()
#0 /run/media/usrx/DEV/itst/dp2f/aodsab/vendor/codeigniter4/framework/system/View/View.php(210): include()
#1 /run/media/usrx/DEV/itst/dp2f/aodsab/vendor/codeigniter4/framework/system/View/View.php(213): CodeIgniter\View\View->CodeIgniter\View\{closure}()
#2 /run/media/usrx/DEV/itst/dp2f/aodsab/vendor/codeigniter4/framework/system/Common.php(1089): CodeIgniter\View\View->render()
#3 /run/media/usrx/DEV/itst/dp2f/aodsab/app/Controllers/NewsController.php(19): view()
#4 /run/media/usrx/DEV/itst/dp2f/aodsab/vendor/codeigniter4/framework/system/CodeIgniter.php(825): App\Controllers\NewsController->index()
#5 /run/media/usrx/DEV/itst/dp2f/aodsab/vendor/codeigniter4/framework/system/CodeIgniter.php(412): CodeIgniter\CodeIgniter->runController()
#6 /run/media/usrx/DEV/itst/dp2f/aodsab/vendor/codeigniter4/framework/system/CodeIgniter.php(320): CodeIgniter\CodeIgniter->handleRequest()
#7 /run/media/usrx/DEV/itst/dp2f/aodsab/public/index.php(37): CodeIgniter\CodeIgniter->run()
#8 /run/media/usrx/DEV/itst/dp2f/aodsab/vendor/codeigniter4/framework/system/Commands/Server/rewrite.php(43): require_once('/run/media/usrx...')
#9 {main}
CRITICAL - 2022-03-05 15:53:54 --> Undefined property: CodeIgniter\View\View::$endsection
#0 /run/media/usrx/DEV/itst/dp2f/aodsab/app/Views/news/index.php(16): CodeIgniter\Debug\Exceptions->errorHandler()
#1 /run/media/usrx/DEV/itst/dp2f/aodsab/vendor/codeigniter4/framework/system/View/View.php(210): include('/run/media/usrx...')
#2 /run/media/usrx/DEV/itst/dp2f/aodsab/vendor/codeigniter4/framework/system/View/View.php(213): CodeIgniter\View\View->CodeIgniter\View\{closure}()
#3 /run/media/usrx/DEV/itst/dp2f/aodsab/vendor/codeigniter4/framework/system/Common.php(1089): CodeIgniter\View\View->render()
#4 /run/media/usrx/DEV/itst/dp2f/aodsab/app/Controllers/NewsController.php(19): view()
#5 /run/media/usrx/DEV/itst/dp2f/aodsab/vendor/codeigniter4/framework/system/CodeIgniter.php(825): App\Controllers\NewsController->index()
#6 /run/media/usrx/DEV/itst/dp2f/aodsab/vendor/codeigniter4/framework/system/CodeIgniter.php(412): CodeIgniter\CodeIgniter->runController()
#7 /run/media/usrx/DEV/itst/dp2f/aodsab/vendor/codeigniter4/framework/system/CodeIgniter.php(320): CodeIgniter\CodeIgniter->handleRequest()
#8 /run/media/usrx/DEV/itst/dp2f/aodsab/public/index.php(37): CodeIgniter\CodeIgniter->run()
#9 /run/media/usrx/DEV/itst/dp2f/aodsab/vendor/codeigniter4/framework/system/Commands/Server/rewrite.php(43): require_once('/run/media/usrx...')
#10 {main}
CRITICAL - 2022-03-05 17:05:19 --> syntax error, unexpected token "echo"
#0 /run/media/usrx/DEV/itst/dp2f/aodsab/vendor/codeigniter4/framework/system/View/View.php(213): CodeIgniter\View\View->CodeIgniter\View\{closure}()
#1 /run/media/usrx/DEV/itst/dp2f/aodsab/vendor/codeigniter4/framework/system/Common.php(1089): CodeIgniter\View\View->render()
#2 /run/media/usrx/DEV/itst/dp2f/aodsab/app/Controllers/NewsController.php(19): view()
#3 /run/media/usrx/DEV/itst/dp2f/aodsab/vendor/codeigniter4/framework/system/CodeIgniter.php(825): App\Controllers\NewsController->index()
#4 /run/media/usrx/DEV/itst/dp2f/aodsab/vendor/codeigniter4/framework/system/CodeIgniter.php(412): CodeIgniter\CodeIgniter->runController()
#5 /run/media/usrx/DEV/itst/dp2f/aodsab/vendor/codeigniter4/framework/system/CodeIgniter.php(320): CodeIgniter\CodeIgniter->handleRequest()
#6 /run/media/usrx/DEV/itst/dp2f/aodsab/public/index.php(37): CodeIgniter\CodeIgniter->run()
#7 /run/media/usrx/DEV/itst/dp2f/aodsab/vendor/codeigniter4/framework/system/Commands/Server/rewrite.php(43): require_once('/run/media/usrx...')
#8 {main}
