CRITICAL - 2022-03-27 10:36:13 --> Undefined constant "CodeIgniter\Database\MySQLi\MYSQLI_STORE_RESULT"
#0 /run/media/usrx/DEV/itst/dp2f/aodsab/vendor/codeigniter4/framework/system/Database/Database.php(56): CodeIgniter\Database\Database->initDriver()
#1 /run/media/usrx/DEV/itst/dp2f/aodsab/vendor/codeigniter4/framework/system/Database/Config.php(78): CodeIgniter\Database\Database->load()
#2 /run/media/usrx/DEV/itst/dp2f/aodsab/vendor/codeigniter4/framework/system/Common.php(312): CodeIgniter\Database\Config::connect()
#3 /run/media/usrx/DEV/itst/dp2f/aodsab/vendor/codeigniter4/framework/system/Database/MigrationRunner.php(149): db_connect()
#4 /run/media/usrx/DEV/itst/dp2f/aodsab/vendor/codeigniter4/framework/system/Config/Services.php(376): CodeIgniter\Database\MigrationRunner->__construct()
#5 /run/media/usrx/DEV/itst/dp2f/aodsab/vendor/codeigniter4/framework/system/Config/BaseService.php(248): CodeIgniter\Config\Services::migrations()
#6 /run/media/usrx/DEV/itst/dp2f/aodsab/vendor/codeigniter4/framework/system/Config/BaseService.php(189): CodeIgniter\Config\BaseService::__callStatic()
#7 /run/media/usrx/DEV/itst/dp2f/aodsab/vendor/codeigniter4/framework/system/Config/Services.php(371): CodeIgniter\Config\BaseService::getSharedInstance()
#8 /run/media/usrx/DEV/itst/dp2f/aodsab/vendor/codeigniter4/framework/system/Config/BaseService.php(248): CodeIgniter\Config\Services::migrations()
#9 /run/media/usrx/DEV/itst/dp2f/aodsab/vendor/codeigniter4/framework/system/Commands/Database/Migrate.php(69): CodeIgniter\Config\BaseService::__callStatic()
#10 /run/media/usrx/DEV/itst/dp2f/aodsab/vendor/codeigniter4/framework/system/CLI/Commands.php(63): CodeIgniter\Commands\Database\Migrate->run()
#11 /run/media/usrx/DEV/itst/dp2f/aodsab/vendor/codeigniter4/framework/system/CLI/CommandRunner.php(70): CodeIgniter\CLI\Commands->run()
#12 /run/media/usrx/DEV/itst/dp2f/aodsab/vendor/codeigniter4/framework/system/CLI/CommandRunner.php(56): CodeIgniter\CLI\CommandRunner->index()
#13 /run/media/usrx/DEV/itst/dp2f/aodsab/vendor/codeigniter4/framework/system/CodeIgniter.php(823): CodeIgniter\CLI\CommandRunner->_remap()
#14 /run/media/usrx/DEV/itst/dp2f/aodsab/vendor/codeigniter4/framework/system/CodeIgniter.php(412): CodeIgniter\CodeIgniter->runController()
#15 /run/media/usrx/DEV/itst/dp2f/aodsab/vendor/codeigniter4/framework/system/CodeIgniter.php(320): CodeIgniter\CodeIgniter->handleRequest()
#16 /run/media/usrx/DEV/itst/dp2f/aodsab/vendor/codeigniter4/framework/system/CLI/Console.php(48): CodeIgniter\CodeIgniter->run()
#17 /run/media/usrx/DEV/itst/dp2f/aodsab/spark(63): CodeIgniter\CLI\Console->run()
#18 {main}
CRITICAL - 2022-03-27 10:37:15 --> Undefined constant "CodeIgniter\Database\MySQLi\MYSQLI_STORE_RESULT"
#0 /run/media/usrx/DEV/itst/dp2f/aodsab/vendor/codeigniter4/framework/system/Database/Database.php(56): CodeIgniter\Database\Database->initDriver()
#1 /run/media/usrx/DEV/itst/dp2f/aodsab/vendor/codeigniter4/framework/system/Database/Config.php(78): CodeIgniter\Database\Database->load()
#2 /run/media/usrx/DEV/itst/dp2f/aodsab/vendor/codeigniter4/framework/system/Common.php(312): CodeIgniter\Database\Config::connect()
#3 /run/media/usrx/DEV/itst/dp2f/aodsab/vendor/codeigniter4/framework/system/Database/MigrationRunner.php(149): db_connect()
#4 /run/media/usrx/DEV/itst/dp2f/aodsab/vendor/codeigniter4/framework/system/Config/Services.php(376): CodeIgniter\Database\MigrationRunner->__construct()
#5 /run/media/usrx/DEV/itst/dp2f/aodsab/vendor/codeigniter4/framework/system/Config/BaseService.php(248): CodeIgniter\Config\Services::migrations()
#6 /run/media/usrx/DEV/itst/dp2f/aodsab/vendor/codeigniter4/framework/system/Config/BaseService.php(189): CodeIgniter\Config\BaseService::__callStatic()
#7 /run/media/usrx/DEV/itst/dp2f/aodsab/vendor/codeigniter4/framework/system/Config/Services.php(371): CodeIgniter\Config\BaseService::getSharedInstance()
#8 /run/media/usrx/DEV/itst/dp2f/aodsab/vendor/codeigniter4/framework/system/Config/BaseService.php(248): CodeIgniter\Config\Services::migrations()
#9 /run/media/usrx/DEV/itst/dp2f/aodsab/vendor/codeigniter4/framework/system/Commands/Database/Migrate.php(69): CodeIgniter\Config\BaseService::__callStatic()
#10 /run/media/usrx/DEV/itst/dp2f/aodsab/vendor/codeigniter4/framework/system/CLI/Commands.php(63): CodeIgniter\Commands\Database\Migrate->run()
#11 /run/media/usrx/DEV/itst/dp2f/aodsab/vendor/codeigniter4/framework/system/CLI/CommandRunner.php(70): CodeIgniter\CLI\Commands->run()
#12 /run/media/usrx/DEV/itst/dp2f/aodsab/vendor/codeigniter4/framework/system/CLI/CommandRunner.php(56): CodeIgniter\CLI\CommandRunner->index()
#13 /run/media/usrx/DEV/itst/dp2f/aodsab/vendor/codeigniter4/framework/system/CodeIgniter.php(823): CodeIgniter\CLI\CommandRunner->_remap()
#14 /run/media/usrx/DEV/itst/dp2f/aodsab/vendor/codeigniter4/framework/system/CodeIgniter.php(412): CodeIgniter\CodeIgniter->runController()
#15 /run/media/usrx/DEV/itst/dp2f/aodsab/vendor/codeigniter4/framework/system/CodeIgniter.php(320): CodeIgniter\CodeIgniter->handleRequest()
#16 /run/media/usrx/DEV/itst/dp2f/aodsab/vendor/codeigniter4/framework/system/CLI/Console.php(48): CodeIgniter\CodeIgniter->run()
#17 /run/media/usrx/DEV/itst/dp2f/aodsab/spark(63): CodeIgniter\CLI\Console->run()
#18 {main}
CRITICAL - 2022-03-27 10:37:58 --> Undefined constant "CodeIgniter\Database\MySQLi\MYSQLI_STORE_RESULT"
#0 /run/media/usrx/DEV/itst/dp2f/aodsab/vendor/codeigniter4/framework/system/Database/Database.php(56): CodeIgniter\Database\Database->initDriver()
#1 /run/media/usrx/DEV/itst/dp2f/aodsab/vendor/codeigniter4/framework/system/Database/Config.php(78): CodeIgniter\Database\Database->load()
#2 /run/media/usrx/DEV/itst/dp2f/aodsab/vendor/codeigniter4/framework/system/Common.php(312): CodeIgniter\Database\Config::connect()
#3 /run/media/usrx/DEV/itst/dp2f/aodsab/vendor/codeigniter4/framework/system/Database/MigrationRunner.php(149): db_connect()
#4 /run/media/usrx/DEV/itst/dp2f/aodsab/vendor/codeigniter4/framework/system/Config/Services.php(376): CodeIgniter\Database\MigrationRunner->__construct()
#5 /run/media/usrx/DEV/itst/dp2f/aodsab/vendor/codeigniter4/framework/system/Config/BaseService.php(248): CodeIgniter\Config\Services::migrations()
#6 /run/media/usrx/DEV/itst/dp2f/aodsab/vendor/codeigniter4/framework/system/Config/BaseService.php(189): CodeIgniter\Config\BaseService::__callStatic()
#7 /run/media/usrx/DEV/itst/dp2f/aodsab/vendor/codeigniter4/framework/system/Config/Services.php(371): CodeIgniter\Config\BaseService::getSharedInstance()
#8 /run/media/usrx/DEV/itst/dp2f/aodsab/vendor/codeigniter4/framework/system/Config/BaseService.php(248): CodeIgniter\Config\Services::migrations()
#9 /run/media/usrx/DEV/itst/dp2f/aodsab/vendor/codeigniter4/framework/system/Commands/Database/Migrate.php(69): CodeIgniter\Config\BaseService::__callStatic()
#10 /run/media/usrx/DEV/itst/dp2f/aodsab/vendor/codeigniter4/framework/system/CLI/Commands.php(63): CodeIgniter\Commands\Database\Migrate->run()
#11 /run/media/usrx/DEV/itst/dp2f/aodsab/vendor/codeigniter4/framework/system/CLI/CommandRunner.php(70): CodeIgniter\CLI\Commands->run()
#12 /run/media/usrx/DEV/itst/dp2f/aodsab/vendor/codeigniter4/framework/system/CLI/CommandRunner.php(56): CodeIgniter\CLI\CommandRunner->index()
#13 /run/media/usrx/DEV/itst/dp2f/aodsab/vendor/codeigniter4/framework/system/CodeIgniter.php(823): CodeIgniter\CLI\CommandRunner->_remap()
#14 /run/media/usrx/DEV/itst/dp2f/aodsab/vendor/codeigniter4/framework/system/CodeIgniter.php(412): CodeIgniter\CodeIgniter->runController()
#15 /run/media/usrx/DEV/itst/dp2f/aodsab/vendor/codeigniter4/framework/system/CodeIgniter.php(320): CodeIgniter\CodeIgniter->handleRequest()
#16 /run/media/usrx/DEV/itst/dp2f/aodsab/vendor/codeigniter4/framework/system/CLI/Console.php(48): CodeIgniter\CodeIgniter->run()
#17 /run/media/usrx/DEV/itst/dp2f/aodsab/spark(63): CodeIgniter\CLI\Console->run()
#18 {main}
