CRITICAL - 2022-05-28 16:10:28 --> syntax error, unexpected ''periodistas'' (T_CONSTANT_ENCAPSED_STRING), expecting ']'
#0 D:\laragon\www\aodsab\vendor\codeigniter4\framework\system\Autoloader\Autoloader.php(241): CodeIgniter\Autoloader\Autoloader->includeFile('D:\\laragon\\www\\...')
#1 D:\laragon\www\aodsab\vendor\codeigniter4\framework\system\Autoloader\Autoloader.php(219): CodeIgniter\Autoloader\Autoloader->loadInNamespace('App\\Controllers...')
#2 [internal function]: CodeIgniter\Autoloader\Autoloader->loadClass('App\\Controllers...')
#3 [internal function]: spl_autoload_call('App\\Controllers...')
#4 D:\laragon\www\aodsab\vendor\codeigniter4\framework\system\CodeIgniter.php(790): class_exists('\\App\\Controller...', true)
#5 D:\laragon\www\aodsab\vendor\codeigniter4\framework\system\CodeIgniter.php(399): CodeIgniter\CodeIgniter->startController()
#6 D:\laragon\www\aodsab\vendor\codeigniter4\framework\system\CodeIgniter.php(320): CodeIgniter\CodeIgniter->handleRequest(NULL, Object(Config\Cache), false)
#7 D:\laragon\www\aodsab\public\index.php(37): CodeIgniter\CodeIgniter->run()
#8 D:\laragon\www\aodsab\vendor\codeigniter4\framework\system\Commands\Server\rewrite.php(43): require_once('D:\\laragon\\www\\...')
#9 {main}
CRITICAL - 2022-05-28 16:10:32 --> Undefined index: FechaIngreso
#0 D:\laragon\www\aodsab\app\Views\staff\index.php(49): CodeIgniter\Debug\Exceptions->errorHandler(8, 'Undefined index...', 'D:\\laragon\\www\\...', 49, Array)
#1 D:\laragon\www\aodsab\vendor\codeigniter4\framework\system\View\View.php(210): include('D:\\laragon\\www\\...')
#2 D:\laragon\www\aodsab\vendor\codeigniter4\framework\system\View\View.php(213): CodeIgniter\View\View->CodeIgniter\View\{closure}()
#3 D:\laragon\www\aodsab\vendor\codeigniter4\framework\system\Common.php(1089): CodeIgniter\View\View->render('staff/index', Array, true)
#4 D:\laragon\www\aodsab\app\Controllers\StaffController.php(19): view('staff/index', Array)
#5 D:\laragon\www\aodsab\vendor\codeigniter4\framework\system\CodeIgniter.php(825): App\Controllers\StaffController->index()
#6 D:\laragon\www\aodsab\vendor\codeigniter4\framework\system\CodeIgniter.php(412): CodeIgniter\CodeIgniter->runController(Object(App\Controllers\StaffController))
#7 D:\laragon\www\aodsab\vendor\codeigniter4\framework\system\CodeIgniter.php(320): CodeIgniter\CodeIgniter->handleRequest(NULL, Object(Config\Cache), false)
#8 D:\laragon\www\aodsab\public\index.php(37): CodeIgniter\CodeIgniter->run()
#9 D:\laragon\www\aodsab\vendor\codeigniter4\framework\system\Commands\Server\rewrite.php(43): require_once('D:\\laragon\\www\\...')
#10 {main}
CRITICAL - 2022-05-28 16:10:38 --> Undefined variable: new
#0 D:\laragon\www\aodsab\app\Views\categorias\index.php(43): CodeIgniter\Debug\Exceptions->errorHandler(8, 'Undefined varia...', 'D:\\laragon\\www\\...', 43, Array)
#1 D:\laragon\www\aodsab\vendor\codeigniter4\framework\system\View\View.php(210): include('D:\\laragon\\www\\...')
#2 D:\laragon\www\aodsab\vendor\codeigniter4\framework\system\View\View.php(213): CodeIgniter\View\View->CodeIgniter\View\{closure}()
#3 D:\laragon\www\aodsab\vendor\codeigniter4\framework\system\Common.php(1089): CodeIgniter\View\View->render('categorias/inde...', Array, true)
#4 D:\laragon\www\aodsab\app\Controllers\CategoriaController.php(19): view('categorias/inde...', Array)
#5 D:\laragon\www\aodsab\vendor\codeigniter4\framework\system\CodeIgniter.php(825): App\Controllers\CategoriaController->index()
#6 D:\laragon\www\aodsab\vendor\codeigniter4\framework\system\CodeIgniter.php(412): CodeIgniter\CodeIgniter->runController(Object(App\Controllers\CategoriaController))
#7 D:\laragon\www\aodsab\vendor\codeigniter4\framework\system\CodeIgniter.php(320): CodeIgniter\CodeIgniter->handleRequest(NULL, Object(Config\Cache), false)
#8 D:\laragon\www\aodsab\public\index.php(37): CodeIgniter\CodeIgniter->run()
#9 D:\laragon\www\aodsab\vendor\codeigniter4\framework\system\Commands\Server\rewrite.php(43): require_once('D:\\laragon\\www\\...')
#10 {main}
CRITICAL - 2022-05-28 16:10:51 --> syntax error, unexpected ''periodistas'' (T_CONSTANT_ENCAPSED_STRING), expecting ']'
#0 D:\laragon\www\aodsab\vendor\codeigniter4\framework\system\Autoloader\Autoloader.php(241): CodeIgniter\Autoloader\Autoloader->includeFile('D:\\laragon\\www\\...')
#1 D:\laragon\www\aodsab\vendor\codeigniter4\framework\system\Autoloader\Autoloader.php(219): CodeIgniter\Autoloader\Autoloader->loadInNamespace('App\\Controllers...')
#2 [internal function]: CodeIgniter\Autoloader\Autoloader->loadClass('App\\Controllers...')
#3 [internal function]: spl_autoload_call('App\\Controllers...')
#4 D:\laragon\www\aodsab\vendor\codeigniter4\framework\system\CodeIgniter.php(790): class_exists('\\App\\Controller...', true)
#5 D:\laragon\www\aodsab\vendor\codeigniter4\framework\system\CodeIgniter.php(399): CodeIgniter\CodeIgniter->startController()
#6 D:\laragon\www\aodsab\vendor\codeigniter4\framework\system\CodeIgniter.php(320): CodeIgniter\CodeIgniter->handleRequest(NULL, Object(Config\Cache), false)
#7 D:\laragon\www\aodsab\public\index.php(37): CodeIgniter\CodeIgniter->run()
#8 D:\laragon\www\aodsab\vendor\codeigniter4\framework\system\Commands\Server\rewrite.php(43): require_once('D:\\laragon\\www\\...')
#9 {main}
CRITICAL - 2022-05-28 16:11:47 --> syntax error, unexpected ''periodistas'' (T_CONSTANT_ENCAPSED_STRING), expecting ']'
#0 D:\laragon\www\aodsab\vendor\codeigniter4\framework\system\Autoloader\Autoloader.php(241): CodeIgniter\Autoloader\Autoloader->includeFile('D:\\laragon\\www\\...')
#1 D:\laragon\www\aodsab\vendor\codeigniter4\framework\system\Autoloader\Autoloader.php(219): CodeIgniter\Autoloader\Autoloader->loadInNamespace('App\\Controllers...')
#2 [internal function]: CodeIgniter\Autoloader\Autoloader->loadClass('App\\Controllers...')
#3 [internal function]: spl_autoload_call('App\\Controllers...')
#4 D:\laragon\www\aodsab\vendor\codeigniter4\framework\system\CodeIgniter.php(790): class_exists('\\App\\Controller...', true)
#5 D:\laragon\www\aodsab\vendor\codeigniter4\framework\system\CodeIgniter.php(399): CodeIgniter\CodeIgniter->startController()
#6 D:\laragon\www\aodsab\vendor\codeigniter4\framework\system\CodeIgniter.php(320): CodeIgniter\CodeIgniter->handleRequest(NULL, Object(Config\Cache), false)
#7 D:\laragon\www\aodsab\public\index.php(37): CodeIgniter\CodeIgniter->run()
#8 D:\laragon\www\aodsab\vendor\codeigniter4\framework\system\Commands\Server\rewrite.php(43): require_once('D:\\laragon\\www\\...')
#9 {main}
CRITICAL - 2022-05-28 16:11:51 --> Undefined variable: new
#0 D:\laragon\www\aodsab\app\Views\categorias\index.php(43): CodeIgniter\Debug\Exceptions->errorHandler(8, 'Undefined varia...', 'D:\\laragon\\www\\...', 43, Array)
#1 D:\laragon\www\aodsab\vendor\codeigniter4\framework\system\View\View.php(210): include('D:\\laragon\\www\\...')
#2 D:\laragon\www\aodsab\vendor\codeigniter4\framework\system\View\View.php(213): CodeIgniter\View\View->CodeIgniter\View\{closure}()
#3 D:\laragon\www\aodsab\vendor\codeigniter4\framework\system\Common.php(1089): CodeIgniter\View\View->render('categorias/inde...', Array, true)
#4 D:\laragon\www\aodsab\app\Controllers\CategoriaController.php(19): view('categorias/inde...', Array)
#5 D:\laragon\www\aodsab\vendor\codeigniter4\framework\system\CodeIgniter.php(825): App\Controllers\CategoriaController->index()
#6 D:\laragon\www\aodsab\vendor\codeigniter4\framework\system\CodeIgniter.php(412): CodeIgniter\CodeIgniter->runController(Object(App\Controllers\CategoriaController))
#7 D:\laragon\www\aodsab\vendor\codeigniter4\framework\system\CodeIgniter.php(320): CodeIgniter\CodeIgniter->handleRequest(NULL, Object(Config\Cache), false)
#8 D:\laragon\www\aodsab\public\index.php(37): CodeIgniter\CodeIgniter->run()
#9 D:\laragon\www\aodsab\vendor\codeigniter4\framework\system\Commands\Server\rewrite.php(43): require_once('D:\\laragon\\www\\...')
#10 {main}
CRITICAL - 2022-05-28 16:13:56 --> Undefined index: FechaIngreso
#0 D:\laragon\www\aodsab\app\Views\staff\index.php(49): CodeIgniter\Debug\Exceptions->errorHandler(8, 'Undefined index...', 'D:\\laragon\\www\\...', 49, Array)
#1 D:\laragon\www\aodsab\vendor\codeigniter4\framework\system\View\View.php(210): include('D:\\laragon\\www\\...')
#2 D:\laragon\www\aodsab\vendor\codeigniter4\framework\system\View\View.php(213): CodeIgniter\View\View->CodeIgniter\View\{closure}()
#3 D:\laragon\www\aodsab\vendor\codeigniter4\framework\system\Common.php(1089): CodeIgniter\View\View->render('staff/index', Array, true)
#4 D:\laragon\www\aodsab\app\Controllers\StaffController.php(19): view('staff/index', Array)
#5 D:\laragon\www\aodsab\vendor\codeigniter4\framework\system\CodeIgniter.php(825): App\Controllers\StaffController->index()
#6 D:\laragon\www\aodsab\vendor\codeigniter4\framework\system\CodeIgniter.php(412): CodeIgniter\CodeIgniter->runController(Object(App\Controllers\StaffController))
#7 D:\laragon\www\aodsab\vendor\codeigniter4\framework\system\CodeIgniter.php(320): CodeIgniter\CodeIgniter->handleRequest(NULL, Object(Config\Cache), false)
#8 D:\laragon\www\aodsab\public\index.php(37): CodeIgniter\CodeIgniter->run()
#9 D:\laragon\www\aodsab\vendor\codeigniter4\framework\system\Commands\Server\rewrite.php(43): require_once('D:\\laragon\\www\\...')
#10 {main}
CRITICAL - 2022-05-28 16:14:52 --> Undefined index: Fechaingreso
#0 D:\laragon\www\aodsab\app\Views\staff\index.php(49): CodeIgniter\Debug\Exceptions->errorHandler(8, 'Undefined index...', 'D:\\laragon\\www\\...', 49, Array)
#1 D:\laragon\www\aodsab\vendor\codeigniter4\framework\system\View\View.php(210): include('D:\\laragon\\www\\...')
#2 D:\laragon\www\aodsab\vendor\codeigniter4\framework\system\View\View.php(213): CodeIgniter\View\View->CodeIgniter\View\{closure}()
#3 D:\laragon\www\aodsab\vendor\codeigniter4\framework\system\Common.php(1089): CodeIgniter\View\View->render('staff/index', Array, true)
#4 D:\laragon\www\aodsab\app\Controllers\StaffController.php(19): view('staff/index', Array)
#5 D:\laragon\www\aodsab\vendor\codeigniter4\framework\system\CodeIgniter.php(825): App\Controllers\StaffController->index()
#6 D:\laragon\www\aodsab\vendor\codeigniter4\framework\system\CodeIgniter.php(412): CodeIgniter\CodeIgniter->runController(Object(App\Controllers\StaffController))
#7 D:\laragon\www\aodsab\vendor\codeigniter4\framework\system\CodeIgniter.php(320): CodeIgniter\CodeIgniter->handleRequest(NULL, Object(Config\Cache), false)
#8 D:\laragon\www\aodsab\public\index.php(37): CodeIgniter\CodeIgniter->run()
#9 D:\laragon\www\aodsab\vendor\codeigniter4\framework\system\Commands\Server\rewrite.php(43): require_once('D:\\laragon\\www\\...')
#10 {main}
CRITICAL - 2022-05-28 16:14:54 --> Undefined index: Fechaingreso
#0 D:\laragon\www\aodsab\app\Views\staff\index.php(49): CodeIgniter\Debug\Exceptions->errorHandler(8, 'Undefined index...', 'D:\\laragon\\www\\...', 49, Array)
#1 D:\laragon\www\aodsab\vendor\codeigniter4\framework\system\View\View.php(210): include('D:\\laragon\\www\\...')
#2 D:\laragon\www\aodsab\vendor\codeigniter4\framework\system\View\View.php(213): CodeIgniter\View\View->CodeIgniter\View\{closure}()
#3 D:\laragon\www\aodsab\vendor\codeigniter4\framework\system\Common.php(1089): CodeIgniter\View\View->render('staff/index', Array, true)
#4 D:\laragon\www\aodsab\app\Controllers\StaffController.php(19): view('staff/index', Array)
#5 D:\laragon\www\aodsab\vendor\codeigniter4\framework\system\CodeIgniter.php(825): App\Controllers\StaffController->index()
#6 D:\laragon\www\aodsab\vendor\codeigniter4\framework\system\CodeIgniter.php(412): CodeIgniter\CodeIgniter->runController(Object(App\Controllers\StaffController))
#7 D:\laragon\www\aodsab\vendor\codeigniter4\framework\system\CodeIgniter.php(320): CodeIgniter\CodeIgniter->handleRequest(NULL, Object(Config\Cache), false)
#8 D:\laragon\www\aodsab\public\index.php(37): CodeIgniter\CodeIgniter->run()
#9 D:\laragon\www\aodsab\vendor\codeigniter4\framework\system\Commands\Server\rewrite.php(43): require_once('D:\\laragon\\www\\...')
#10 {main}
CRITICAL - 2022-05-28 16:14:55 --> Undefined index: Fechaingreso
#0 D:\laragon\www\aodsab\app\Views\staff\index.php(49): CodeIgniter\Debug\Exceptions->errorHandler(8, 'Undefined index...', 'D:\\laragon\\www\\...', 49, Array)
#1 D:\laragon\www\aodsab\vendor\codeigniter4\framework\system\View\View.php(210): include('D:\\laragon\\www\\...')
#2 D:\laragon\www\aodsab\vendor\codeigniter4\framework\system\View\View.php(213): CodeIgniter\View\View->CodeIgniter\View\{closure}()
#3 D:\laragon\www\aodsab\vendor\codeigniter4\framework\system\Common.php(1089): CodeIgniter\View\View->render('staff/index', Array, true)
#4 D:\laragon\www\aodsab\app\Controllers\StaffController.php(19): view('staff/index', Array)
#5 D:\laragon\www\aodsab\vendor\codeigniter4\framework\system\CodeIgniter.php(825): App\Controllers\StaffController->index()
#6 D:\laragon\www\aodsab\vendor\codeigniter4\framework\system\CodeIgniter.php(412): CodeIgniter\CodeIgniter->runController(Object(App\Controllers\StaffController))
#7 D:\laragon\www\aodsab\vendor\codeigniter4\framework\system\CodeIgniter.php(320): CodeIgniter\CodeIgniter->handleRequest(NULL, Object(Config\Cache), false)
#8 D:\laragon\www\aodsab\public\index.php(37): CodeIgniter\CodeIgniter->run()
#9 D:\laragon\www\aodsab\vendor\codeigniter4\framework\system\Commands\Server\rewrite.php(43): require_once('D:\\laragon\\www\\...')
#10 {main}
CRITICAL - 2022-05-28 16:16:20 --> Undefined index: fechaingreso
#0 D:\laragon\www\aodsab\app\Views\staff\index.php(49): CodeIgniter\Debug\Exceptions->errorHandler(8, 'Undefined index...', 'D:\\laragon\\www\\...', 49, Array)
#1 D:\laragon\www\aodsab\vendor\codeigniter4\framework\system\View\View.php(210): include('D:\\laragon\\www\\...')
#2 D:\laragon\www\aodsab\vendor\codeigniter4\framework\system\View\View.php(213): CodeIgniter\View\View->CodeIgniter\View\{closure}()
#3 D:\laragon\www\aodsab\vendor\codeigniter4\framework\system\Common.php(1089): CodeIgniter\View\View->render('staff/index', Array, true)
#4 D:\laragon\www\aodsab\app\Controllers\StaffController.php(19): view('staff/index', Array)
#5 D:\laragon\www\aodsab\vendor\codeigniter4\framework\system\CodeIgniter.php(825): App\Controllers\StaffController->index()
#6 D:\laragon\www\aodsab\vendor\codeigniter4\framework\system\CodeIgniter.php(412): CodeIgniter\CodeIgniter->runController(Object(App\Controllers\StaffController))
#7 D:\laragon\www\aodsab\vendor\codeigniter4\framework\system\CodeIgniter.php(320): CodeIgniter\CodeIgniter->handleRequest(NULL, Object(Config\Cache), false)
#8 D:\laragon\www\aodsab\public\index.php(37): CodeIgniter\CodeIgniter->run()
#9 D:\laragon\www\aodsab\vendor\codeigniter4\framework\system\Commands\Server\rewrite.php(43): require_once('D:\\laragon\\www\\...')
#10 {main}
CRITICAL - 2022-05-28 16:16:24 --> Undefined index: fechaingreso
#0 D:\laragon\www\aodsab\app\Views\staff\index.php(49): CodeIgniter\Debug\Exceptions->errorHandler(8, 'Undefined index...', 'D:\\laragon\\www\\...', 49, Array)
#1 D:\laragon\www\aodsab\vendor\codeigniter4\framework\system\View\View.php(210): include('D:\\laragon\\www\\...')
#2 D:\laragon\www\aodsab\vendor\codeigniter4\framework\system\View\View.php(213): CodeIgniter\View\View->CodeIgniter\View\{closure}()
#3 D:\laragon\www\aodsab\vendor\codeigniter4\framework\system\Common.php(1089): CodeIgniter\View\View->render('staff/index', Array, true)
#4 D:\laragon\www\aodsab\app\Controllers\StaffController.php(19): view('staff/index', Array)
#5 D:\laragon\www\aodsab\vendor\codeigniter4\framework\system\CodeIgniter.php(825): App\Controllers\StaffController->index()
#6 D:\laragon\www\aodsab\vendor\codeigniter4\framework\system\CodeIgniter.php(412): CodeIgniter\CodeIgniter->runController(Object(App\Controllers\StaffController))
#7 D:\laragon\www\aodsab\vendor\codeigniter4\framework\system\CodeIgniter.php(320): CodeIgniter\CodeIgniter->handleRequest(NULL, Object(Config\Cache), false)
#8 D:\laragon\www\aodsab\public\index.php(37): CodeIgniter\CodeIgniter->run()
#9 D:\laragon\www\aodsab\vendor\codeigniter4\framework\system\Commands\Server\rewrite.php(43): require_once('D:\\laragon\\www\\...')
#10 {main}
CRITICAL - 2022-05-28 16:16:25 --> Undefined index: fechaingreso
#0 D:\laragon\www\aodsab\app\Views\staff\index.php(49): CodeIgniter\Debug\Exceptions->errorHandler(8, 'Undefined index...', 'D:\\laragon\\www\\...', 49, Array)
#1 D:\laragon\www\aodsab\vendor\codeigniter4\framework\system\View\View.php(210): include('D:\\laragon\\www\\...')
#2 D:\laragon\www\aodsab\vendor\codeigniter4\framework\system\View\View.php(213): CodeIgniter\View\View->CodeIgniter\View\{closure}()
#3 D:\laragon\www\aodsab\vendor\codeigniter4\framework\system\Common.php(1089): CodeIgniter\View\View->render('staff/index', Array, true)
#4 D:\laragon\www\aodsab\app\Controllers\StaffController.php(19): view('staff/index', Array)
#5 D:\laragon\www\aodsab\vendor\codeigniter4\framework\system\CodeIgniter.php(825): App\Controllers\StaffController->index()
#6 D:\laragon\www\aodsab\vendor\codeigniter4\framework\system\CodeIgniter.php(412): CodeIgniter\CodeIgniter->runController(Object(App\Controllers\StaffController))
#7 D:\laragon\www\aodsab\vendor\codeigniter4\framework\system\CodeIgniter.php(320): CodeIgniter\CodeIgniter->handleRequest(NULL, Object(Config\Cache), false)
#8 D:\laragon\www\aodsab\public\index.php(37): CodeIgniter\CodeIgniter->run()
#9 D:\laragon\www\aodsab\vendor\codeigniter4\framework\system\Commands\Server\rewrite.php(43): require_once('D:\\laragon\\www\\...')
#10 {main}
CRITICAL - 2022-05-28 16:16:44 --> Undefined index: updateded_at
#0 D:\laragon\www\aodsab\app\Views\staff\index.php(53): CodeIgniter\Debug\Exceptions->errorHandler(8, 'Undefined index...', 'D:\\laragon\\www\\...', 53, Array)
#1 D:\laragon\www\aodsab\vendor\codeigniter4\framework\system\View\View.php(210): include('D:\\laragon\\www\\...')
#2 D:\laragon\www\aodsab\vendor\codeigniter4\framework\system\View\View.php(213): CodeIgniter\View\View->CodeIgniter\View\{closure}()
#3 D:\laragon\www\aodsab\vendor\codeigniter4\framework\system\Common.php(1089): CodeIgniter\View\View->render('staff/index', Array, true)
#4 D:\laragon\www\aodsab\app\Controllers\StaffController.php(19): view('staff/index', Array)
#5 D:\laragon\www\aodsab\vendor\codeigniter4\framework\system\CodeIgniter.php(825): App\Controllers\StaffController->index()
#6 D:\laragon\www\aodsab\vendor\codeigniter4\framework\system\CodeIgniter.php(412): CodeIgniter\CodeIgniter->runController(Object(App\Controllers\StaffController))
#7 D:\laragon\www\aodsab\vendor\codeigniter4\framework\system\CodeIgniter.php(320): CodeIgniter\CodeIgniter->handleRequest(NULL, Object(Config\Cache), false)
#8 D:\laragon\www\aodsab\public\index.php(37): CodeIgniter\CodeIgniter->run()
#9 D:\laragon\www\aodsab\vendor\codeigniter4\framework\system\Commands\Server\rewrite.php(43): require_once('D:\\laragon\\www\\...')
#10 {main}
CRITICAL - 2022-05-28 16:17:27 --> Undefined variable: new
#0 D:\laragon\www\aodsab\app\Views\staff\index.php(55): CodeIgniter\Debug\Exceptions->errorHandler(8, 'Undefined varia...', 'D:\\laragon\\www\\...', 55, Array)
#1 D:\laragon\www\aodsab\vendor\codeigniter4\framework\system\View\View.php(210): include('D:\\laragon\\www\\...')
#2 D:\laragon\www\aodsab\vendor\codeigniter4\framework\system\View\View.php(213): CodeIgniter\View\View->CodeIgniter\View\{closure}()
#3 D:\laragon\www\aodsab\vendor\codeigniter4\framework\system\Common.php(1089): CodeIgniter\View\View->render('staff/index', Array, true)
#4 D:\laragon\www\aodsab\app\Controllers\StaffController.php(19): view('staff/index', Array)
#5 D:\laragon\www\aodsab\vendor\codeigniter4\framework\system\CodeIgniter.php(825): App\Controllers\StaffController->index()
#6 D:\laragon\www\aodsab\vendor\codeigniter4\framework\system\CodeIgniter.php(412): CodeIgniter\CodeIgniter->runController(Object(App\Controllers\StaffController))
#7 D:\laragon\www\aodsab\vendor\codeigniter4\framework\system\CodeIgniter.php(320): CodeIgniter\CodeIgniter->handleRequest(NULL, Object(Config\Cache), false)
#8 D:\laragon\www\aodsab\public\index.php(37): CodeIgniter\CodeIgniter->run()
#9 D:\laragon\www\aodsab\vendor\codeigniter4\framework\system\Commands\Server\rewrite.php(43): require_once('D:\\laragon\\www\\...')
#10 {main}
CRITICAL - 2022-05-28 16:17:55 --> Undefined variable: new
#0 D:\laragon\www\aodsab\app\Views\categorias\index.php(43): CodeIgniter\Debug\Exceptions->errorHandler(8, 'Undefined varia...', 'D:\\laragon\\www\\...', 43, Array)
#1 D:\laragon\www\aodsab\vendor\codeigniter4\framework\system\View\View.php(210): include('D:\\laragon\\www\\...')
#2 D:\laragon\www\aodsab\vendor\codeigniter4\framework\system\View\View.php(213): CodeIgniter\View\View->CodeIgniter\View\{closure}()
#3 D:\laragon\www\aodsab\vendor\codeigniter4\framework\system\Common.php(1089): CodeIgniter\View\View->render('categorias/inde...', Array, true)
#4 D:\laragon\www\aodsab\app\Controllers\CategoriaController.php(19): view('categorias/inde...', Array)
#5 D:\laragon\www\aodsab\vendor\codeigniter4\framework\system\CodeIgniter.php(825): App\Controllers\CategoriaController->index()
#6 D:\laragon\www\aodsab\vendor\codeigniter4\framework\system\CodeIgniter.php(412): CodeIgniter\CodeIgniter->runController(Object(App\Controllers\CategoriaController))
#7 D:\laragon\www\aodsab\vendor\codeigniter4\framework\system\CodeIgniter.php(320): CodeIgniter\CodeIgniter->handleRequest(NULL, Object(Config\Cache), false)
#8 D:\laragon\www\aodsab\public\index.php(37): CodeIgniter\CodeIgniter->run()
#9 D:\laragon\www\aodsab\vendor\codeigniter4\framework\system\Commands\Server\rewrite.php(43): require_once('D:\\laragon\\www\\...')
#10 {main}
CRITICAL - 2022-05-28 16:18:10 --> syntax error, unexpected ''periodistas'' (T_CONSTANT_ENCAPSED_STRING), expecting ']'
#0 D:\laragon\www\aodsab\vendor\codeigniter4\framework\system\Autoloader\Autoloader.php(241): CodeIgniter\Autoloader\Autoloader->includeFile('D:\\laragon\\www\\...')
#1 D:\laragon\www\aodsab\vendor\codeigniter4\framework\system\Autoloader\Autoloader.php(219): CodeIgniter\Autoloader\Autoloader->loadInNamespace('App\\Controllers...')
#2 [internal function]: CodeIgniter\Autoloader\Autoloader->loadClass('App\\Controllers...')
#3 [internal function]: spl_autoload_call('App\\Controllers...')
#4 D:\laragon\www\aodsab\vendor\codeigniter4\framework\system\CodeIgniter.php(790): class_exists('\\App\\Controller...', true)
#5 D:\laragon\www\aodsab\vendor\codeigniter4\framework\system\CodeIgniter.php(399): CodeIgniter\CodeIgniter->startController()
#6 D:\laragon\www\aodsab\vendor\codeigniter4\framework\system\CodeIgniter.php(320): CodeIgniter\CodeIgniter->handleRequest(NULL, Object(Config\Cache), false)
#7 D:\laragon\www\aodsab\public\index.php(37): CodeIgniter\CodeIgniter->run()
#8 D:\laragon\www\aodsab\vendor\codeigniter4\framework\system\Commands\Server\rewrite.php(43): require_once('D:\\laragon\\www\\...')
#9 {main}
CRITICAL - 2022-05-28 16:21:32 --> syntax error, unexpected ''periodista'' (T_CONSTANT_ENCAPSED_STRING), expecting ']'
#0 D:\laragon\www\aodsab\vendor\codeigniter4\framework\system\Autoloader\Autoloader.php(241): CodeIgniter\Autoloader\Autoloader->includeFile('D:\\laragon\\www\\...')
#1 D:\laragon\www\aodsab\vendor\codeigniter4\framework\system\Autoloader\Autoloader.php(219): CodeIgniter\Autoloader\Autoloader->loadInNamespace('App\\Controllers...')
#2 [internal function]: CodeIgniter\Autoloader\Autoloader->loadClass('App\\Controllers...')
#3 [internal function]: spl_autoload_call('App\\Controllers...')
#4 D:\laragon\www\aodsab\vendor\codeigniter4\framework\system\CodeIgniter.php(790): class_exists('\\App\\Controller...', true)
#5 D:\laragon\www\aodsab\vendor\codeigniter4\framework\system\CodeIgniter.php(399): CodeIgniter\CodeIgniter->startController()
#6 D:\laragon\www\aodsab\vendor\codeigniter4\framework\system\CodeIgniter.php(320): CodeIgniter\CodeIgniter->handleRequest(NULL, Object(Config\Cache), false)
#7 D:\laragon\www\aodsab\public\index.php(37): CodeIgniter\CodeIgniter->run()
#8 D:\laragon\www\aodsab\vendor\codeigniter4\framework\system\Commands\Server\rewrite.php(43): require_once('D:\\laragon\\www\\...')
#9 {main}
CRITICAL - 2022-05-28 16:21:33 --> syntax error, unexpected ''periodista'' (T_CONSTANT_ENCAPSED_STRING), expecting ']'
#0 D:\laragon\www\aodsab\vendor\codeigniter4\framework\system\Autoloader\Autoloader.php(241): CodeIgniter\Autoloader\Autoloader->includeFile('D:\\laragon\\www\\...')
#1 D:\laragon\www\aodsab\vendor\codeigniter4\framework\system\Autoloader\Autoloader.php(219): CodeIgniter\Autoloader\Autoloader->loadInNamespace('App\\Controllers...')
#2 [internal function]: CodeIgniter\Autoloader\Autoloader->loadClass('App\\Controllers...')
#3 [internal function]: spl_autoload_call('App\\Controllers...')
#4 D:\laragon\www\aodsab\vendor\codeigniter4\framework\system\CodeIgniter.php(790): class_exists('\\App\\Controller...', true)
#5 D:\laragon\www\aodsab\vendor\codeigniter4\framework\system\CodeIgniter.php(399): CodeIgniter\CodeIgniter->startController()
#6 D:\laragon\www\aodsab\vendor\codeigniter4\framework\system\CodeIgniter.php(320): CodeIgniter\CodeIgniter->handleRequest(NULL, Object(Config\Cache), false)
#7 D:\laragon\www\aodsab\public\index.php(37): CodeIgniter\CodeIgniter->run()
#8 D:\laragon\www\aodsab\vendor\codeigniter4\framework\system\Commands\Server\rewrite.php(43): require_once('D:\\laragon\\www\\...')
#9 {main}
CRITICAL - 2022-05-28 16:41:41 --> Cannot use Dompdf\Dompdf as Dompdf because the name is already in use
#0 [internal function]: CodeIgniter\Debug\Exceptions->shutdownHandler()
#1 {main}
CRITICAL - 2022-05-28 16:42:26 --> syntax error, unexpected '<'
#0 D:\laragon\www\aodsab\vendor\codeigniter4\framework\system\View\View.php(213): CodeIgniter\View\View->CodeIgniter\View\{closure}()
#1 D:\laragon\www\aodsab\vendor\codeigniter4\framework\system\Common.php(1089): CodeIgniter\View\View->render('news/index', Array, true)
#2 D:\laragon\www\aodsab\app\Controllers\NewsController.php(26): view('news/index', Array)
#3 D:\laragon\www\aodsab\vendor\codeigniter4\framework\system\CodeIgniter.php(825): App\Controllers\NewsController->index()
#4 D:\laragon\www\aodsab\vendor\codeigniter4\framework\system\CodeIgniter.php(412): CodeIgniter\CodeIgniter->runController(Object(App\Controllers\NewsController))
#5 D:\laragon\www\aodsab\vendor\codeigniter4\framework\system\CodeIgniter.php(320): CodeIgniter\CodeIgniter->handleRequest(NULL, Object(Config\Cache), false)
#6 D:\laragon\www\aodsab\public\index.php(37): CodeIgniter\CodeIgniter->run()
#7 D:\laragon\www\aodsab\vendor\codeigniter4\framework\system\Commands\Server\rewrite.php(43): require_once('D:\\laragon\\www\\...')
#8 {main}
CRITICAL - 2022-05-28 16:48:28 --> syntax error, unexpected '(', expecting ';'
#0 D:\laragon\www\aodsab\vendor\codeigniter4\framework\system\View\View.php(213): CodeIgniter\View\View->CodeIgniter\View\{closure}()
#1 D:\laragon\www\aodsab\vendor\codeigniter4\framework\system\Common.php(1089): CodeIgniter\View\View->render('/news/create', Array, true)
#2 D:\laragon\www\aodsab\app\Controllers\NewsController.php(70): view('/news/create')
#3 D:\laragon\www\aodsab\vendor\codeigniter4\framework\system\CodeIgniter.php(825): App\Controllers\NewsController->create()
#4 D:\laragon\www\aodsab\vendor\codeigniter4\framework\system\CodeIgniter.php(412): CodeIgniter\CodeIgniter->runController(Object(App\Controllers\NewsController))
#5 D:\laragon\www\aodsab\vendor\codeigniter4\framework\system\CodeIgniter.php(320): CodeIgniter\CodeIgniter->handleRequest(NULL, Object(Config\Cache), false)
#6 D:\laragon\www\aodsab\public\index.php(37): CodeIgniter\CodeIgniter->run()
#7 D:\laragon\www\aodsab\vendor\codeigniter4\framework\system\Commands\Server\rewrite.php(43): require_once('D:\\laragon\\www\\...')
#8 {main}
CRITICAL - 2022-05-28 16:49:38 --> syntax error, unexpected '(', expecting ';'
#0 D:\laragon\www\aodsab\vendor\codeigniter4\framework\system\View\View.php(213): CodeIgniter\View\View->CodeIgniter\View\{closure}()
#1 D:\laragon\www\aodsab\vendor\codeigniter4\framework\system\Common.php(1089): CodeIgniter\View\View->render('/news/create', Array, true)
#2 D:\laragon\www\aodsab\app\Controllers\NewsController.php(70): view('/news/create')
#3 D:\laragon\www\aodsab\vendor\codeigniter4\framework\system\CodeIgniter.php(825): App\Controllers\NewsController->create()
#4 D:\laragon\www\aodsab\vendor\codeigniter4\framework\system\CodeIgniter.php(412): CodeIgniter\CodeIgniter->runController(Object(App\Controllers\NewsController))
#5 D:\laragon\www\aodsab\vendor\codeigniter4\framework\system\CodeIgniter.php(320): CodeIgniter\CodeIgniter->handleRequest(NULL, Object(Config\Cache), false)
#6 D:\laragon\www\aodsab\public\index.php(37): CodeIgniter\CodeIgniter->run()
#7 D:\laragon\www\aodsab\vendor\codeigniter4\framework\system\Commands\Server\rewrite.php(43): require_once('D:\\laragon\\www\\...')
#8 {main}
CRITICAL - 2022-05-28 16:49:57 --> syntax error, unexpected '(', expecting ';'
#0 D:\laragon\www\aodsab\vendor\codeigniter4\framework\system\View\View.php(213): CodeIgniter\View\View->CodeIgniter\View\{closure}()
#1 D:\laragon\www\aodsab\vendor\codeigniter4\framework\system\Common.php(1089): CodeIgniter\View\View->render('/news/create', Array, true)
#2 D:\laragon\www\aodsab\app\Controllers\NewsController.php(70): view('/news/create')
#3 D:\laragon\www\aodsab\vendor\codeigniter4\framework\system\CodeIgniter.php(825): App\Controllers\NewsController->create()
#4 D:\laragon\www\aodsab\vendor\codeigniter4\framework\system\CodeIgniter.php(412): CodeIgniter\CodeIgniter->runController(Object(App\Controllers\NewsController))
#5 D:\laragon\www\aodsab\vendor\codeigniter4\framework\system\CodeIgniter.php(320): CodeIgniter\CodeIgniter->handleRequest(NULL, Object(Config\Cache), false)
#6 D:\laragon\www\aodsab\public\index.php(37): CodeIgniter\CodeIgniter->run()
#7 D:\laragon\www\aodsab\vendor\codeigniter4\framework\system\Commands\Server\rewrite.php(43): require_once('D:\\laragon\\www\\...')
#8 {main}
CRITICAL - 2022-05-28 16:53:39 --> syntax error, unexpected 'endforeach' (T_ENDFOREACH), expecting end of file
#0 D:\laragon\www\aodsab\vendor\codeigniter4\framework\system\View\View.php(213): CodeIgniter\View\View->CodeIgniter\View\{closure}()
#1 D:\laragon\www\aodsab\vendor\codeigniter4\framework\system\Common.php(1089): CodeIgniter\View\View->render('/news/create', Array, true)
#2 D:\laragon\www\aodsab\app\Controllers\NewsController.php(70): view('/news/create')
#3 D:\laragon\www\aodsab\vendor\codeigniter4\framework\system\CodeIgniter.php(825): App\Controllers\NewsController->create()
#4 D:\laragon\www\aodsab\vendor\codeigniter4\framework\system\CodeIgniter.php(412): CodeIgniter\CodeIgniter->runController(Object(App\Controllers\NewsController))
#5 D:\laragon\www\aodsab\vendor\codeigniter4\framework\system\CodeIgniter.php(320): CodeIgniter\CodeIgniter->handleRequest(NULL, Object(Config\Cache), false)
#6 D:\laragon\www\aodsab\public\index.php(37): CodeIgniter\CodeIgniter->run()
#7 D:\laragon\www\aodsab\vendor\codeigniter4\framework\system\Commands\Server\rewrite.php(43): require_once('D:\\laragon\\www\\...')
#8 {main}
CRITICAL - 2022-05-28 16:54:25 --> syntax error, unexpected 'endforeach' (T_ENDFOREACH), expecting end of file
#0 D:\laragon\www\aodsab\vendor\codeigniter4\framework\system\View\View.php(213): CodeIgniter\View\View->CodeIgniter\View\{closure}()
#1 D:\laragon\www\aodsab\vendor\codeigniter4\framework\system\Common.php(1089): CodeIgniter\View\View->render('/news/create', Array, true)
#2 D:\laragon\www\aodsab\app\Controllers\NewsController.php(70): view('/news/create')
#3 D:\laragon\www\aodsab\vendor\codeigniter4\framework\system\CodeIgniter.php(825): App\Controllers\NewsController->create()
#4 D:\laragon\www\aodsab\vendor\codeigniter4\framework\system\CodeIgniter.php(412): CodeIgniter\CodeIgniter->runController(Object(App\Controllers\NewsController))
#5 D:\laragon\www\aodsab\vendor\codeigniter4\framework\system\CodeIgniter.php(320): CodeIgniter\CodeIgniter->handleRequest(NULL, Object(Config\Cache), false)
#6 D:\laragon\www\aodsab\public\index.php(37): CodeIgniter\CodeIgniter->run()
#7 D:\laragon\www\aodsab\vendor\codeigniter4\framework\system\Commands\Server\rewrite.php(43): require_once('D:\\laragon\\www\\...')
#8 {main}
CRITICAL - 2022-05-28 16:54:28 --> syntax error, unexpected 'endforeach' (T_ENDFOREACH), expecting end of file
#0 D:\laragon\www\aodsab\vendor\codeigniter4\framework\system\View\View.php(213): CodeIgniter\View\View->CodeIgniter\View\{closure}()
#1 D:\laragon\www\aodsab\vendor\codeigniter4\framework\system\Common.php(1089): CodeIgniter\View\View->render('/news/create', Array, true)
#2 D:\laragon\www\aodsab\app\Controllers\NewsController.php(70): view('/news/create')
#3 D:\laragon\www\aodsab\vendor\codeigniter4\framework\system\CodeIgniter.php(825): App\Controllers\NewsController->create()
#4 D:\laragon\www\aodsab\vendor\codeigniter4\framework\system\CodeIgniter.php(412): CodeIgniter\CodeIgniter->runController(Object(App\Controllers\NewsController))
#5 D:\laragon\www\aodsab\vendor\codeigniter4\framework\system\CodeIgniter.php(320): CodeIgniter\CodeIgniter->handleRequest(NULL, Object(Config\Cache), false)
#6 D:\laragon\www\aodsab\public\index.php(37): CodeIgniter\CodeIgniter->run()
#7 D:\laragon\www\aodsab\vendor\codeigniter4\framework\system\Commands\Server\rewrite.php(43): require_once('D:\\laragon\\www\\...')
#8 {main}
CRITICAL - 2022-05-28 16:56:36 --> syntax error, unexpected 'endforeach' (T_ENDFOREACH), expecting end of file
#0 D:\laragon\www\aodsab\vendor\codeigniter4\framework\system\View\View.php(213): CodeIgniter\View\View->CodeIgniter\View\{closure}()
#1 D:\laragon\www\aodsab\vendor\codeigniter4\framework\system\Common.php(1089): CodeIgniter\View\View->render('/news/create', Array, true)
#2 D:\laragon\www\aodsab\app\Controllers\NewsController.php(70): view('/news/create')
#3 D:\laragon\www\aodsab\vendor\codeigniter4\framework\system\CodeIgniter.php(825): App\Controllers\NewsController->create()
#4 D:\laragon\www\aodsab\vendor\codeigniter4\framework\system\CodeIgniter.php(412): CodeIgniter\CodeIgniter->runController(Object(App\Controllers\NewsController))
#5 D:\laragon\www\aodsab\vendor\codeigniter4\framework\system\CodeIgniter.php(320): CodeIgniter\CodeIgniter->handleRequest(NULL, Object(Config\Cache), false)
#6 D:\laragon\www\aodsab\public\index.php(37): CodeIgniter\CodeIgniter->run()
#7 D:\laragon\www\aodsab\vendor\codeigniter4\framework\system\Commands\Server\rewrite.php(43): require_once('D:\\laragon\\www\\...')
#8 {main}
CRITICAL - 2022-05-28 16:57:03 --> syntax error, unexpected 'endforeach' (T_ENDFOREACH), expecting end of file
#0 D:\laragon\www\aodsab\vendor\codeigniter4\framework\system\View\View.php(213): CodeIgniter\View\View->CodeIgniter\View\{closure}()
#1 D:\laragon\www\aodsab\vendor\codeigniter4\framework\system\Common.php(1089): CodeIgniter\View\View->render('/news/create', Array, true)
#2 D:\laragon\www\aodsab\app\Controllers\NewsController.php(70): view('/news/create')
#3 D:\laragon\www\aodsab\vendor\codeigniter4\framework\system\CodeIgniter.php(825): App\Controllers\NewsController->create()
#4 D:\laragon\www\aodsab\vendor\codeigniter4\framework\system\CodeIgniter.php(412): CodeIgniter\CodeIgniter->runController(Object(App\Controllers\NewsController))
#5 D:\laragon\www\aodsab\vendor\codeigniter4\framework\system\CodeIgniter.php(320): CodeIgniter\CodeIgniter->handleRequest(NULL, Object(Config\Cache), false)
#6 D:\laragon\www\aodsab\public\index.php(37): CodeIgniter\CodeIgniter->run()
#7 D:\laragon\www\aodsab\vendor\codeigniter4\framework\system\Commands\Server\rewrite.php(43): require_once('D:\\laragon\\www\\...')
#8 {main}
CRITICAL - 2022-05-28 16:57:05 --> syntax error, unexpected 'endforeach' (T_ENDFOREACH), expecting end of file
#0 D:\laragon\www\aodsab\vendor\codeigniter4\framework\system\View\View.php(213): CodeIgniter\View\View->CodeIgniter\View\{closure}()
#1 D:\laragon\www\aodsab\vendor\codeigniter4\framework\system\Common.php(1089): CodeIgniter\View\View->render('/news/create', Array, true)
#2 D:\laragon\www\aodsab\app\Controllers\NewsController.php(70): view('/news/create')
#3 D:\laragon\www\aodsab\vendor\codeigniter4\framework\system\CodeIgniter.php(825): App\Controllers\NewsController->create()
#4 D:\laragon\www\aodsab\vendor\codeigniter4\framework\system\CodeIgniter.php(412): CodeIgniter\CodeIgniter->runController(Object(App\Controllers\NewsController))
#5 D:\laragon\www\aodsab\vendor\codeigniter4\framework\system\CodeIgniter.php(320): CodeIgniter\CodeIgniter->handleRequest(NULL, Object(Config\Cache), false)
#6 D:\laragon\www\aodsab\public\index.php(37): CodeIgniter\CodeIgniter->run()
#7 D:\laragon\www\aodsab\vendor\codeigniter4\framework\system\Commands\Server\rewrite.php(43): require_once('D:\\laragon\\www\\...')
#8 {main}
CRITICAL - 2022-05-28 16:57:06 --> syntax error, unexpected 'endforeach' (T_ENDFOREACH), expecting end of file
#0 D:\laragon\www\aodsab\vendor\codeigniter4\framework\system\View\View.php(213): CodeIgniter\View\View->CodeIgniter\View\{closure}()
#1 D:\laragon\www\aodsab\vendor\codeigniter4\framework\system\Common.php(1089): CodeIgniter\View\View->render('/news/create', Array, true)
#2 D:\laragon\www\aodsab\app\Controllers\NewsController.php(70): view('/news/create')
#3 D:\laragon\www\aodsab\vendor\codeigniter4\framework\system\CodeIgniter.php(825): App\Controllers\NewsController->create()
#4 D:\laragon\www\aodsab\vendor\codeigniter4\framework\system\CodeIgniter.php(412): CodeIgniter\CodeIgniter->runController(Object(App\Controllers\NewsController))
#5 D:\laragon\www\aodsab\vendor\codeigniter4\framework\system\CodeIgniter.php(320): CodeIgniter\CodeIgniter->handleRequest(NULL, Object(Config\Cache), false)
#6 D:\laragon\www\aodsab\public\index.php(37): CodeIgniter\CodeIgniter->run()
#7 D:\laragon\www\aodsab\vendor\codeigniter4\framework\system\Commands\Server\rewrite.php(43): require_once('D:\\laragon\\www\\...')
#8 {main}
CRITICAL - 2022-05-28 16:57:35 --> Undefined variable: categorias
#0 D:\laragon\www\aodsab\app\Views\news\create.php(12): CodeIgniter\Debug\Exceptions->errorHandler(8, 'Undefined varia...', 'D:\\laragon\\www\\...', 12, Array)
#1 D:\laragon\www\aodsab\vendor\codeigniter4\framework\system\View\View.php(210): include('D:\\laragon\\www\\...')
#2 D:\laragon\www\aodsab\vendor\codeigniter4\framework\system\View\View.php(213): CodeIgniter\View\View->CodeIgniter\View\{closure}()
#3 D:\laragon\www\aodsab\vendor\codeigniter4\framework\system\Common.php(1089): CodeIgniter\View\View->render('/news/create', Array, true)
#4 D:\laragon\www\aodsab\app\Controllers\NewsController.php(70): view('/news/create')
#5 D:\laragon\www\aodsab\vendor\codeigniter4\framework\system\CodeIgniter.php(825): App\Controllers\NewsController->create()
#6 D:\laragon\www\aodsab\vendor\codeigniter4\framework\system\CodeIgniter.php(412): CodeIgniter\CodeIgniter->runController(Object(App\Controllers\NewsController))
#7 D:\laragon\www\aodsab\vendor\codeigniter4\framework\system\CodeIgniter.php(320): CodeIgniter\CodeIgniter->handleRequest(NULL, Object(Config\Cache), false)
#8 D:\laragon\www\aodsab\public\index.php(37): CodeIgniter\CodeIgniter->run()
#9 D:\laragon\www\aodsab\vendor\codeigniter4\framework\system\Commands\Server\rewrite.php(43): require_once('D:\\laragon\\www\\...')
#10 {main}
CRITICAL - 2022-05-28 16:59:23 --> Undefined variable: categorias
#0 D:\laragon\www\aodsab\app\Views\news\create.php(12): CodeIgniter\Debug\Exceptions->errorHandler(8, 'Undefined varia...', 'D:\\laragon\\www\\...', 12, Array)
#1 D:\laragon\www\aodsab\vendor\codeigniter4\framework\system\View\View.php(210): include('D:\\laragon\\www\\...')
#2 D:\laragon\www\aodsab\vendor\codeigniter4\framework\system\View\View.php(213): CodeIgniter\View\View->CodeIgniter\View\{closure}()
#3 D:\laragon\www\aodsab\vendor\codeigniter4\framework\system\Common.php(1089): CodeIgniter\View\View->render('/news/create', Array, true)
#4 D:\laragon\www\aodsab\app\Controllers\NewsController.php(70): view('/news/create')
#5 D:\laragon\www\aodsab\vendor\codeigniter4\framework\system\CodeIgniter.php(825): App\Controllers\NewsController->create()
#6 D:\laragon\www\aodsab\vendor\codeigniter4\framework\system\CodeIgniter.php(412): CodeIgniter\CodeIgniter->runController(Object(App\Controllers\NewsController))
#7 D:\laragon\www\aodsab\vendor\codeigniter4\framework\system\CodeIgniter.php(320): CodeIgniter\CodeIgniter->handleRequest(NULL, Object(Config\Cache), false)
#8 D:\laragon\www\aodsab\public\index.php(37): CodeIgniter\CodeIgniter->run()
#9 D:\laragon\www\aodsab\vendor\codeigniter4\framework\system\Commands\Server\rewrite.php(43): require_once('D:\\laragon\\www\\...')
#10 {main}
CRITICAL - 2022-05-28 16:59:25 --> Undefined variable: categorias
#0 D:\laragon\www\aodsab\app\Views\news\create.php(12): CodeIgniter\Debug\Exceptions->errorHandler(8, 'Undefined varia...', 'D:\\laragon\\www\\...', 12, Array)
#1 D:\laragon\www\aodsab\vendor\codeigniter4\framework\system\View\View.php(210): include('D:\\laragon\\www\\...')
#2 D:\laragon\www\aodsab\vendor\codeigniter4\framework\system\View\View.php(213): CodeIgniter\View\View->CodeIgniter\View\{closure}()
#3 D:\laragon\www\aodsab\vendor\codeigniter4\framework\system\Common.php(1089): CodeIgniter\View\View->render('/news/create', Array, true)
#4 D:\laragon\www\aodsab\app\Controllers\NewsController.php(70): view('/news/create')
#5 D:\laragon\www\aodsab\vendor\codeigniter4\framework\system\CodeIgniter.php(825): App\Controllers\NewsController->create()
#6 D:\laragon\www\aodsab\vendor\codeigniter4\framework\system\CodeIgniter.php(412): CodeIgniter\CodeIgniter->runController(Object(App\Controllers\NewsController))
#7 D:\laragon\www\aodsab\vendor\codeigniter4\framework\system\CodeIgniter.php(320): CodeIgniter\CodeIgniter->handleRequest(NULL, Object(Config\Cache), false)
#8 D:\laragon\www\aodsab\public\index.php(37): CodeIgniter\CodeIgniter->run()
#9 D:\laragon\www\aodsab\vendor\codeigniter4\framework\system\Commands\Server\rewrite.php(43): require_once('D:\\laragon\\www\\...')
#10 {main}
CRITICAL - 2022-05-28 17:02:21 --> Undefined variable: categorias
#0 D:\laragon\www\aodsab\app\Views\news\create.php(12): CodeIgniter\Debug\Exceptions->errorHandler(8, 'Undefined varia...', 'D:\\laragon\\www\\...', 12, Array)
#1 D:\laragon\www\aodsab\vendor\codeigniter4\framework\system\View\View.php(210): include('D:\\laragon\\www\\...')
#2 D:\laragon\www\aodsab\vendor\codeigniter4\framework\system\View\View.php(213): CodeIgniter\View\View->CodeIgniter\View\{closure}()
#3 D:\laragon\www\aodsab\vendor\codeigniter4\framework\system\Common.php(1089): CodeIgniter\View\View->render('/news/create', Array, true)
#4 D:\laragon\www\aodsab\app\Controllers\NewsController.php(70): view('/news/create')
#5 D:\laragon\www\aodsab\vendor\codeigniter4\framework\system\CodeIgniter.php(825): App\Controllers\NewsController->create()
#6 D:\laragon\www\aodsab\vendor\codeigniter4\framework\system\CodeIgniter.php(412): CodeIgniter\CodeIgniter->runController(Object(App\Controllers\NewsController))
#7 D:\laragon\www\aodsab\vendor\codeigniter4\framework\system\CodeIgniter.php(320): CodeIgniter\CodeIgniter->handleRequest(NULL, Object(Config\Cache), false)
#8 D:\laragon\www\aodsab\public\index.php(37): CodeIgniter\CodeIgniter->run()
#9 D:\laragon\www\aodsab\vendor\codeigniter4\framework\system\Commands\Server\rewrite.php(43): require_once('D:\\laragon\\www\\...')
#10 {main}
CRITICAL - 2022-05-28 17:07:48 --> syntax error, unexpected '(', expecting ';'
#0 D:\laragon\www\aodsab\vendor\codeigniter4\framework\system\View\View.php(213): CodeIgniter\View\View->CodeIgniter\View\{closure}()
#1 D:\laragon\www\aodsab\vendor\codeigniter4\framework\system\Common.php(1089): CodeIgniter\View\View->render('/news/create', Array, true)
#2 D:\laragon\www\aodsab\app\Controllers\NewsController.php(70): view('/news/create')
#3 D:\laragon\www\aodsab\vendor\codeigniter4\framework\system\CodeIgniter.php(825): App\Controllers\NewsController->create()
#4 D:\laragon\www\aodsab\vendor\codeigniter4\framework\system\CodeIgniter.php(412): CodeIgniter\CodeIgniter->runController(Object(App\Controllers\NewsController))
#5 D:\laragon\www\aodsab\vendor\codeigniter4\framework\system\CodeIgniter.php(320): CodeIgniter\CodeIgniter->handleRequest(NULL, Object(Config\Cache), false)
#6 D:\laragon\www\aodsab\public\index.php(37): CodeIgniter\CodeIgniter->run()
#7 D:\laragon\www\aodsab\vendor\codeigniter4\framework\system\Commands\Server\rewrite.php(43): require_once('D:\\laragon\\www\\...')
#8 {main}
CRITICAL - 2022-05-28 17:08:31 --> Undefined variable: categorias
#0 D:\laragon\www\aodsab\app\Views\news\create.php(12): CodeIgniter\Debug\Exceptions->errorHandler(8, 'Undefined varia...', 'D:\\laragon\\www\\...', 12, Array)
#1 D:\laragon\www\aodsab\vendor\codeigniter4\framework\system\View\View.php(210): include('D:\\laragon\\www\\...')
#2 D:\laragon\www\aodsab\vendor\codeigniter4\framework\system\View\View.php(213): CodeIgniter\View\View->CodeIgniter\View\{closure}()
#3 D:\laragon\www\aodsab\vendor\codeigniter4\framework\system\Common.php(1089): CodeIgniter\View\View->render('/news/create', Array, true)
#4 D:\laragon\www\aodsab\app\Controllers\NewsController.php(70): view('/news/create')
#5 D:\laragon\www\aodsab\vendor\codeigniter4\framework\system\CodeIgniter.php(825): App\Controllers\NewsController->create()
#6 D:\laragon\www\aodsab\vendor\codeigniter4\framework\system\CodeIgniter.php(412): CodeIgniter\CodeIgniter->runController(Object(App\Controllers\NewsController))
#7 D:\laragon\www\aodsab\vendor\codeigniter4\framework\system\CodeIgniter.php(320): CodeIgniter\CodeIgniter->handleRequest(NULL, Object(Config\Cache), false)
#8 D:\laragon\www\aodsab\public\index.php(37): CodeIgniter\CodeIgniter->run()
#9 D:\laragon\www\aodsab\vendor\codeigniter4\framework\system\Commands\Server\rewrite.php(43): require_once('D:\\laragon\\www\\...')
#10 {main}
CRITICAL - 2022-05-28 17:12:34 --> Trying to get property 'id' of non-object
#0 D:\laragon\www\aodsab\app\Views\news\create.php(13): CodeIgniter\Debug\Exceptions->errorHandler(8, 'Trying to get p...', 'D:\\laragon\\www\\...', 13, Array)
#1 D:\laragon\www\aodsab\vendor\codeigniter4\framework\system\View\View.php(210): include('D:\\laragon\\www\\...')
#2 D:\laragon\www\aodsab\vendor\codeigniter4\framework\system\View\View.php(213): CodeIgniter\View\View->CodeIgniter\View\{closure}()
#3 D:\laragon\www\aodsab\vendor\codeigniter4\framework\system\Common.php(1089): CodeIgniter\View\View->render('/news/create', Array, true)
#4 D:\laragon\www\aodsab\app\Controllers\NewsController.php(75): view('/news/create', Array)
#5 D:\laragon\www\aodsab\vendor\codeigniter4\framework\system\CodeIgniter.php(825): App\Controllers\NewsController->create()
#6 D:\laragon\www\aodsab\vendor\codeigniter4\framework\system\CodeIgniter.php(412): CodeIgniter\CodeIgniter->runController(Object(App\Controllers\NewsController))
#7 D:\laragon\www\aodsab\vendor\codeigniter4\framework\system\CodeIgniter.php(320): CodeIgniter\CodeIgniter->handleRequest(NULL, Object(Config\Cache), false)
#8 D:\laragon\www\aodsab\public\index.php(37): CodeIgniter\CodeIgniter->run()
#9 D:\laragon\www\aodsab\vendor\codeigniter4\framework\system\Commands\Server\rewrite.php(43): require_once('D:\\laragon\\www\\...')
#10 {main}
CRITICAL - 2022-05-28 17:13:50 --> syntax error, unexpected 'else' (T_ELSE)
#0 D:\laragon\www\aodsab\vendor\codeigniter4\framework\system\View\View.php(213): CodeIgniter\View\View->CodeIgniter\View\{closure}()
#1 D:\laragon\www\aodsab\vendor\codeigniter4\framework\system\Common.php(1089): CodeIgniter\View\View->render('news/index', Array, true)
#2 D:\laragon\www\aodsab\app\Controllers\NewsController.php(26): view('news/index', Array)
#3 D:\laragon\www\aodsab\vendor\codeigniter4\framework\system\CodeIgniter.php(825): App\Controllers\NewsController->index()
#4 D:\laragon\www\aodsab\vendor\codeigniter4\framework\system\CodeIgniter.php(412): CodeIgniter\CodeIgniter->runController(Object(App\Controllers\NewsController))
#5 D:\laragon\www\aodsab\vendor\codeigniter4\framework\system\CodeIgniter.php(320): CodeIgniter\CodeIgniter->handleRequest(NULL, Object(Config\Cache), false)
#6 D:\laragon\www\aodsab\public\index.php(37): CodeIgniter\CodeIgniter->run()
#7 D:\laragon\www\aodsab\vendor\codeigniter4\framework\system\Commands\Server\rewrite.php(43): require_once('D:\\laragon\\www\\...')
#8 {main}
CRITICAL - 2022-05-28 17:14:00 --> Trying to get property 'id' of non-object
#0 D:\laragon\www\aodsab\app\Views\news\create.php(13): CodeIgniter\Debug\Exceptions->errorHandler(8, 'Trying to get p...', 'D:\\laragon\\www\\...', 13, Array)
#1 D:\laragon\www\aodsab\vendor\codeigniter4\framework\system\View\View.php(210): include('D:\\laragon\\www\\...')
#2 D:\laragon\www\aodsab\vendor\codeigniter4\framework\system\View\View.php(213): CodeIgniter\View\View->CodeIgniter\View\{closure}()
#3 D:\laragon\www\aodsab\vendor\codeigniter4\framework\system\Common.php(1089): CodeIgniter\View\View->render('/news/create', Array, true)
#4 D:\laragon\www\aodsab\app\Controllers\NewsController.php(75): view('/news/create', Array)
#5 D:\laragon\www\aodsab\vendor\codeigniter4\framework\system\CodeIgniter.php(825): App\Controllers\NewsController->create()
#6 D:\laragon\www\aodsab\vendor\codeigniter4\framework\system\CodeIgniter.php(412): CodeIgniter\CodeIgniter->runController(Object(App\Controllers\NewsController))
#7 D:\laragon\www\aodsab\vendor\codeigniter4\framework\system\CodeIgniter.php(320): CodeIgniter\CodeIgniter->handleRequest(NULL, Object(Config\Cache), false)
#8 D:\laragon\www\aodsab\public\index.php(37): CodeIgniter\CodeIgniter->run()
#9 D:\laragon\www\aodsab\vendor\codeigniter4\framework\system\Commands\Server\rewrite.php(43): require_once('D:\\laragon\\www\\...')
#10 {main}
CRITICAL - 2022-05-28 17:15:56 --> Undefined variable: new
#0 D:\laragon\www\aodsab\app\Views\categorias\index.php(43): CodeIgniter\Debug\Exceptions->errorHandler(8, 'Undefined varia...', 'D:\\laragon\\www\\...', 43, Array)
#1 D:\laragon\www\aodsab\vendor\codeigniter4\framework\system\View\View.php(210): include('D:\\laragon\\www\\...')
#2 D:\laragon\www\aodsab\vendor\codeigniter4\framework\system\View\View.php(213): CodeIgniter\View\View->CodeIgniter\View\{closure}()
#3 D:\laragon\www\aodsab\vendor\codeigniter4\framework\system\Common.php(1089): CodeIgniter\View\View->render('categorias/inde...', Array, true)
#4 D:\laragon\www\aodsab\app\Controllers\CategoriaController.php(19): view('categorias/inde...', Array)
#5 D:\laragon\www\aodsab\vendor\codeigniter4\framework\system\CodeIgniter.php(825): App\Controllers\CategoriaController->index()
#6 D:\laragon\www\aodsab\vendor\codeigniter4\framework\system\CodeIgniter.php(412): CodeIgniter\CodeIgniter->runController(Object(App\Controllers\CategoriaController))
#7 D:\laragon\www\aodsab\vendor\codeigniter4\framework\system\CodeIgniter.php(320): CodeIgniter\CodeIgniter->handleRequest(NULL, Object(Config\Cache), false)
#8 D:\laragon\www\aodsab\public\index.php(37): CodeIgniter\CodeIgniter->run()
#9 D:\laragon\www\aodsab\vendor\codeigniter4\framework\system\Commands\Server\rewrite.php(43): require_once('D:\\laragon\\www\\...')
#10 {main}
CRITICAL - 2022-05-28 17:16:01 --> Undefined variable: new
#0 D:\laragon\www\aodsab\app\Views\staff\index.php(55): CodeIgniter\Debug\Exceptions->errorHandler(8, 'Undefined varia...', 'D:\\laragon\\www\\...', 55, Array)
#1 D:\laragon\www\aodsab\vendor\codeigniter4\framework\system\View\View.php(210): include('D:\\laragon\\www\\...')
#2 D:\laragon\www\aodsab\vendor\codeigniter4\framework\system\View\View.php(213): CodeIgniter\View\View->CodeIgniter\View\{closure}()
#3 D:\laragon\www\aodsab\vendor\codeigniter4\framework\system\Common.php(1089): CodeIgniter\View\View->render('staff/index', Array, true)
#4 D:\laragon\www\aodsab\app\Controllers\StaffController.php(19): view('staff/index', Array)
#5 D:\laragon\www\aodsab\vendor\codeigniter4\framework\system\CodeIgniter.php(825): App\Controllers\StaffController->index()
#6 D:\laragon\www\aodsab\vendor\codeigniter4\framework\system\CodeIgniter.php(412): CodeIgniter\CodeIgniter->runController(Object(App\Controllers\StaffController))
#7 D:\laragon\www\aodsab\vendor\codeigniter4\framework\system\CodeIgniter.php(320): CodeIgniter\CodeIgniter->handleRequest(NULL, Object(Config\Cache), false)
#8 D:\laragon\www\aodsab\public\index.php(37): CodeIgniter\CodeIgniter->run()
#9 D:\laragon\www\aodsab\vendor\codeigniter4\framework\system\Commands\Server\rewrite.php(43): require_once('D:\\laragon\\www\\...')
#10 {main}
CRITICAL - 2022-05-28 17:20:27 --> Undefined variable: new
#0 D:\laragon\www\aodsab\app\Views\categorias\index.php(43): CodeIgniter\Debug\Exceptions->errorHandler(8, 'Undefined varia...', 'D:\\laragon\\www\\...', 43, Array)
#1 D:\laragon\www\aodsab\vendor\codeigniter4\framework\system\View\View.php(210): include('D:\\laragon\\www\\...')
#2 D:\laragon\www\aodsab\vendor\codeigniter4\framework\system\View\View.php(213): CodeIgniter\View\View->CodeIgniter\View\{closure}()
#3 D:\laragon\www\aodsab\vendor\codeigniter4\framework\system\Common.php(1089): CodeIgniter\View\View->render('categorias/inde...', Array, true)
#4 D:\laragon\www\aodsab\app\Controllers\CategoriaController.php(19): view('categorias/inde...', Array)
#5 D:\laragon\www\aodsab\vendor\codeigniter4\framework\system\CodeIgniter.php(825): App\Controllers\CategoriaController->index()
#6 D:\laragon\www\aodsab\vendor\codeigniter4\framework\system\CodeIgniter.php(412): CodeIgniter\CodeIgniter->runController(Object(App\Controllers\CategoriaController))
#7 D:\laragon\www\aodsab\vendor\codeigniter4\framework\system\CodeIgniter.php(320): CodeIgniter\CodeIgniter->handleRequest(NULL, Object(Config\Cache), false)
#8 D:\laragon\www\aodsab\public\index.php(37): CodeIgniter\CodeIgniter->run()
#9 D:\laragon\www\aodsab\vendor\codeigniter4\framework\system\Commands\Server\rewrite.php(43): require_once('D:\\laragon\\www\\...')
#10 {main}
CRITICAL - 2022-05-28 17:22:21 --> requiered is not a valid rule.
#0 D:\laragon\www\aodsab\vendor\codeigniter4\framework\system\Validation\Validation.php(300): CodeIgniter\Validation\Exceptions\ValidationException::forRuleNotFound('requiered')
#1 D:\laragon\www\aodsab\vendor\codeigniter4\framework\system\Validation\Validation.php(157): CodeIgniter\Validation\Validation->processRules('nombre', 'nombre', 'fff', Array, Array)
#2 D:\laragon\www\aodsab\vendor\codeigniter4\framework\system\Controller.php(160): CodeIgniter\Validation\Validation->run()
#3 D:\laragon\www\aodsab\app\Controllers\CategoriaController.php(37): CodeIgniter\Controller->validate(Array)
#4 D:\laragon\www\aodsab\vendor\codeigniter4\framework\system\CodeIgniter.php(825): App\Controllers\CategoriaController->create()
#5 D:\laragon\www\aodsab\vendor\codeigniter4\framework\system\CodeIgniter.php(412): CodeIgniter\CodeIgniter->runController(Object(App\Controllers\CategoriaController))
#6 D:\laragon\www\aodsab\vendor\codeigniter4\framework\system\CodeIgniter.php(320): CodeIgniter\CodeIgniter->handleRequest(NULL, Object(Config\Cache), false)
#7 D:\laragon\www\aodsab\public\index.php(37): CodeIgniter\CodeIgniter->run()
#8 D:\laragon\www\aodsab\vendor\codeigniter4\framework\system\Commands\Server\rewrite.php(43): require_once('D:\\laragon\\www\\...')
#9 {main}
CRITICAL - 2022-05-28 17:23:10 --> requiered is not a valid rule.
#0 D:\laragon\www\aodsab\vendor\codeigniter4\framework\system\Validation\Validation.php(300): CodeIgniter\Validation\Exceptions\ValidationException::forRuleNotFound('requiered')
#1 D:\laragon\www\aodsab\vendor\codeigniter4\framework\system\Validation\Validation.php(157): CodeIgniter\Validation\Validation->processRules('nombre', 'nombre', 'trojo', Array, Array)
#2 D:\laragon\www\aodsab\vendor\codeigniter4\framework\system\Controller.php(160): CodeIgniter\Validation\Validation->run()
#3 D:\laragon\www\aodsab\app\Controllers\CategoriaController.php(37): CodeIgniter\Controller->validate(Array)
#4 D:\laragon\www\aodsab\vendor\codeigniter4\framework\system\CodeIgniter.php(825): App\Controllers\CategoriaController->create()
#5 D:\laragon\www\aodsab\vendor\codeigniter4\framework\system\CodeIgniter.php(412): CodeIgniter\CodeIgniter->runController(Object(App\Controllers\CategoriaController))
#6 D:\laragon\www\aodsab\vendor\codeigniter4\framework\system\CodeIgniter.php(320): CodeIgniter\CodeIgniter->handleRequest(NULL, Object(Config\Cache), false)
#7 D:\laragon\www\aodsab\public\index.php(37): CodeIgniter\CodeIgniter->run()
#8 D:\laragon\www\aodsab\vendor\codeigniter4\framework\system\Commands\Server\rewrite.php(43): require_once('D:\\laragon\\www\\...')
#9 {main}
