CRITICAL - 2022-05-14 16:50:05 --> Object of class CodeIgniter\Router\RouteCollection could not be converted to string
#0 D:\laragon\www\aodsab\vendor\codeigniter4\framework\system\CodeIgniter.php(706): require()
#1 D:\laragon\www\aodsab\vendor\codeigniter4\framework\system\CodeIgniter.php(361): CodeIgniter\CodeIgniter->tryToRouteIt(Object(CodeIgniter\Router\RouteCollection))
#2 D:\laragon\www\aodsab\vendor\codeigniter4\framework\system\CodeIgniter.php(320): CodeIgniter\CodeIgniter->handleRequest(NULL, Object(Config\Cache), false)
#3 D:\laragon\www\aodsab\vendor\codeigniter4\framework\system\CLI\Console.php(48): CodeIgniter\CodeIgniter->run()
#4 D:\laragon\www\aodsab\spark(63): CodeIgniter\CLI\Console->run()
#5 {main}
CRITICAL - 2022-05-14 16:55:49 --> Object of class CodeIgniter\Router\RouteCollection could not be converted to string
#0 D:\laragon\www\aodsab\vendor\codeigniter4\framework\system\CodeIgniter.php(706): require()
#1 D:\laragon\www\aodsab\vendor\codeigniter4\framework\system\CodeIgniter.php(361): CodeIgniter\CodeIgniter->tryToRouteIt(Object(CodeIgniter\Router\RouteCollection))
#2 D:\laragon\www\aodsab\vendor\codeigniter4\framework\system\CodeIgniter.php(320): CodeIgniter\CodeIgniter->handleRequest(NULL, Object(Config\Cache), false)
#3 D:\laragon\www\aodsab\vendor\codeigniter4\framework\system\CLI\Console.php(48): CodeIgniter\CodeIgniter->run()
#4 D:\laragon\www\aodsab\spark(63): CodeIgniter\CLI\Console->run()
#5 {main}
CRITICAL - 2022-05-14 17:05:53 --> Object of class CodeIgniter\Router\RouteCollection could not be converted to string
#0 D:\laragon\www\aodsab\vendor\codeigniter4\framework\system\CodeIgniter.php(706): require()
#1 D:\laragon\www\aodsab\vendor\codeigniter4\framework\system\CodeIgniter.php(361): CodeIgniter\CodeIgniter->tryToRouteIt(Object(CodeIgniter\Router\RouteCollection))
#2 D:\laragon\www\aodsab\vendor\codeigniter4\framework\system\CodeIgniter.php(320): CodeIgniter\CodeIgniter->handleRequest(NULL, Object(Config\Cache), false)
#3 D:\laragon\www\aodsab\vendor\codeigniter4\framework\system\CLI\Console.php(48): CodeIgniter\CodeIgniter->run()
#4 D:\laragon\www\aodsab\spark(63): CodeIgniter\CLI\Console->run()
#5 {main}
CRITICAL - 2022-05-14 17:07:02 --> syntax error, unexpected 'public' (T_PUBLIC), expecting ';' or '{'
#0 D:\laragon\www\aodsab\vendor\codeigniter4\framework\system\Autoloader\Autoloader.php(241): CodeIgniter\Autoloader\Autoloader->includeFile('D:\\laragon\\www\\...')
#1 D:\laragon\www\aodsab\vendor\codeigniter4\framework\system\Autoloader\Autoloader.php(219): CodeIgniter\Autoloader\Autoloader->loadInNamespace('App\\Controllers...')
#2 [internal function]: CodeIgniter\Autoloader\Autoloader->loadClass('App\\Controllers...')
#3 [internal function]: spl_autoload_call('App\\Controllers...')
#4 D:\laragon\www\aodsab\vendor\codeigniter4\framework\system\CodeIgniter.php(790): class_exists('\\App\\Controller...', true)
#5 D:\laragon\www\aodsab\vendor\codeigniter4\framework\system\CodeIgniter.php(399): CodeIgniter\CodeIgniter->startController()
#6 D:\laragon\www\aodsab\vendor\codeigniter4\framework\system\CodeIgniter.php(320): CodeIgniter\CodeIgniter->handleRequest(NULL, Object(Config\Cache), false)
#7 D:\laragon\www\aodsab\public\index.php(37): CodeIgniter\CodeIgniter->run()
#8 D:\laragon\www\aodsab\vendor\codeigniter4\framework\system\Commands\Server\rewrite.php(43): require_once('D:\\laragon\\www\\...')
#9 {main}
CRITICAL - 2022-05-14 17:07:45 --> syntax error, unexpected 'public' (T_PUBLIC), expecting ';' or '{'
#0 D:\laragon\www\aodsab\vendor\codeigniter4\framework\system\Autoloader\Autoloader.php(241): CodeIgniter\Autoloader\Autoloader->includeFile('D:\\laragon\\www\\...')
#1 D:\laragon\www\aodsab\vendor\codeigniter4\framework\system\Autoloader\Autoloader.php(219): CodeIgniter\Autoloader\Autoloader->loadInNamespace('App\\Controllers...')
#2 [internal function]: CodeIgniter\Autoloader\Autoloader->loadClass('App\\Controllers...')
#3 [internal function]: spl_autoload_call('App\\Controllers...')
#4 D:\laragon\www\aodsab\vendor\codeigniter4\framework\system\CodeIgniter.php(790): class_exists('\\App\\Controller...', true)
#5 D:\laragon\www\aodsab\vendor\codeigniter4\framework\system\CodeIgniter.php(399): CodeIgniter\CodeIgniter->startController()
#6 D:\laragon\www\aodsab\vendor\codeigniter4\framework\system\CodeIgniter.php(320): CodeIgniter\CodeIgniter->handleRequest(NULL, Object(Config\Cache), false)
#7 D:\laragon\www\aodsab\public\index.php(37): CodeIgniter\CodeIgniter->run()
#8 D:\laragon\www\aodsab\vendor\codeigniter4\framework\system\Commands\Server\rewrite.php(43): require_once('D:\\laragon\\www\\...')
#9 {main}
CRITICAL - 2022-05-14 17:07:47 --> syntax error, unexpected 'public' (T_PUBLIC), expecting ';' or '{'
#0 D:\laragon\www\aodsab\vendor\codeigniter4\framework\system\Autoloader\Autoloader.php(241): CodeIgniter\Autoloader\Autoloader->includeFile('D:\\laragon\\www\\...')
#1 D:\laragon\www\aodsab\vendor\codeigniter4\framework\system\Autoloader\Autoloader.php(219): CodeIgniter\Autoloader\Autoloader->loadInNamespace('App\\Controllers...')
#2 [internal function]: CodeIgniter\Autoloader\Autoloader->loadClass('App\\Controllers...')
#3 [internal function]: spl_autoload_call('App\\Controllers...')
#4 D:\laragon\www\aodsab\vendor\codeigniter4\framework\system\CodeIgniter.php(790): class_exists('\\App\\Controller...', true)
#5 D:\laragon\www\aodsab\vendor\codeigniter4\framework\system\CodeIgniter.php(399): CodeIgniter\CodeIgniter->startController()
#6 D:\laragon\www\aodsab\vendor\codeigniter4\framework\system\CodeIgniter.php(320): CodeIgniter\CodeIgniter->handleRequest(NULL, Object(Config\Cache), false)
#7 D:\laragon\www\aodsab\public\index.php(37): CodeIgniter\CodeIgniter->run()
#8 D:\laragon\www\aodsab\vendor\codeigniter4\framework\system\Commands\Server\rewrite.php(43): require_once('D:\\laragon\\www\\...')
#9 {main}
CRITICAL - 2022-05-14 17:07:49 --> syntax error, unexpected 'public' (T_PUBLIC), expecting ';' or '{'
#0 D:\laragon\www\aodsab\vendor\codeigniter4\framework\system\Autoloader\Autoloader.php(241): CodeIgniter\Autoloader\Autoloader->includeFile('D:\\laragon\\www\\...')
#1 D:\laragon\www\aodsab\vendor\codeigniter4\framework\system\Autoloader\Autoloader.php(219): CodeIgniter\Autoloader\Autoloader->loadInNamespace('App\\Controllers...')
#2 [internal function]: CodeIgniter\Autoloader\Autoloader->loadClass('App\\Controllers...')
#3 [internal function]: spl_autoload_call('App\\Controllers...')
#4 D:\laragon\www\aodsab\vendor\codeigniter4\framework\system\CodeIgniter.php(790): class_exists('\\App\\Controller...', true)
#5 D:\laragon\www\aodsab\vendor\codeigniter4\framework\system\CodeIgniter.php(399): CodeIgniter\CodeIgniter->startController()
#6 D:\laragon\www\aodsab\vendor\codeigniter4\framework\system\CodeIgniter.php(320): CodeIgniter\CodeIgniter->handleRequest(NULL, Object(Config\Cache), false)
#7 D:\laragon\www\aodsab\public\index.php(37): CodeIgniter\CodeIgniter->run()
#8 D:\laragon\www\aodsab\vendor\codeigniter4\framework\system\Commands\Server\rewrite.php(43): require_once('D:\\laragon\\www\\...')
#9 {main}
CRITICAL - 2022-05-14 17:07:50 --> syntax error, unexpected 'public' (T_PUBLIC), expecting ';' or '{'
#0 D:\laragon\www\aodsab\vendor\codeigniter4\framework\system\Autoloader\Autoloader.php(241): CodeIgniter\Autoloader\Autoloader->includeFile('D:\\laragon\\www\\...')
#1 D:\laragon\www\aodsab\vendor\codeigniter4\framework\system\Autoloader\Autoloader.php(219): CodeIgniter\Autoloader\Autoloader->loadInNamespace('App\\Controllers...')
#2 [internal function]: CodeIgniter\Autoloader\Autoloader->loadClass('App\\Controllers...')
#3 [internal function]: spl_autoload_call('App\\Controllers...')
#4 D:\laragon\www\aodsab\vendor\codeigniter4\framework\system\CodeIgniter.php(790): class_exists('\\App\\Controller...', true)
#5 D:\laragon\www\aodsab\vendor\codeigniter4\framework\system\CodeIgniter.php(399): CodeIgniter\CodeIgniter->startController()
#6 D:\laragon\www\aodsab\vendor\codeigniter4\framework\system\CodeIgniter.php(320): CodeIgniter\CodeIgniter->handleRequest(NULL, Object(Config\Cache), false)
#7 D:\laragon\www\aodsab\public\index.php(37): CodeIgniter\CodeIgniter->run()
#8 D:\laragon\www\aodsab\vendor\codeigniter4\framework\system\Commands\Server\rewrite.php(43): require_once('D:\\laragon\\www\\...')
#9 {main}
CRITICAL - 2022-05-14 17:07:52 --> syntax error, unexpected 'public' (T_PUBLIC), expecting ';' or '{'
#0 D:\laragon\www\aodsab\vendor\codeigniter4\framework\system\Autoloader\Autoloader.php(241): CodeIgniter\Autoloader\Autoloader->includeFile('D:\\laragon\\www\\...')
#1 D:\laragon\www\aodsab\vendor\codeigniter4\framework\system\Autoloader\Autoloader.php(219): CodeIgniter\Autoloader\Autoloader->loadInNamespace('App\\Controllers...')
#2 [internal function]: CodeIgniter\Autoloader\Autoloader->loadClass('App\\Controllers...')
#3 [internal function]: spl_autoload_call('App\\Controllers...')
#4 D:\laragon\www\aodsab\vendor\codeigniter4\framework\system\CodeIgniter.php(790): class_exists('\\App\\Controller...', true)
#5 D:\laragon\www\aodsab\vendor\codeigniter4\framework\system\CodeIgniter.php(399): CodeIgniter\CodeIgniter->startController()
#6 D:\laragon\www\aodsab\vendor\codeigniter4\framework\system\CodeIgniter.php(320): CodeIgniter\CodeIgniter->handleRequest(NULL, Object(Config\Cache), false)
#7 D:\laragon\www\aodsab\public\index.php(37): CodeIgniter\CodeIgniter->run()
#8 D:\laragon\www\aodsab\vendor\codeigniter4\framework\system\Commands\Server\rewrite.php(43): require_once('D:\\laragon\\www\\...')
#9 {main}
CRITICAL - 2022-05-14 17:07:53 --> syntax error, unexpected 'public' (T_PUBLIC), expecting ';' or '{'
#0 D:\laragon\www\aodsab\vendor\codeigniter4\framework\system\Autoloader\Autoloader.php(241): CodeIgniter\Autoloader\Autoloader->includeFile('D:\\laragon\\www\\...')
#1 D:\laragon\www\aodsab\vendor\codeigniter4\framework\system\Autoloader\Autoloader.php(219): CodeIgniter\Autoloader\Autoloader->loadInNamespace('App\\Controllers...')
#2 [internal function]: CodeIgniter\Autoloader\Autoloader->loadClass('App\\Controllers...')
#3 [internal function]: spl_autoload_call('App\\Controllers...')
#4 D:\laragon\www\aodsab\vendor\codeigniter4\framework\system\CodeIgniter.php(790): class_exists('\\App\\Controller...', true)
#5 D:\laragon\www\aodsab\vendor\codeigniter4\framework\system\CodeIgniter.php(399): CodeIgniter\CodeIgniter->startController()
#6 D:\laragon\www\aodsab\vendor\codeigniter4\framework\system\CodeIgniter.php(320): CodeIgniter\CodeIgniter->handleRequest(NULL, Object(Config\Cache), false)
#7 D:\laragon\www\aodsab\public\index.php(37): CodeIgniter\CodeIgniter->run()
#8 D:\laragon\www\aodsab\vendor\codeigniter4\framework\system\Commands\Server\rewrite.php(43): require_once('D:\\laragon\\www\\...')
#9 {main}
CRITICAL - 2022-05-14 17:07:53 --> syntax error, unexpected 'public' (T_PUBLIC), expecting ';' or '{'
#0 D:\laragon\www\aodsab\vendor\codeigniter4\framework\system\Autoloader\Autoloader.php(241): CodeIgniter\Autoloader\Autoloader->includeFile('D:\\laragon\\www\\...')
#1 D:\laragon\www\aodsab\vendor\codeigniter4\framework\system\Autoloader\Autoloader.php(219): CodeIgniter\Autoloader\Autoloader->loadInNamespace('App\\Controllers...')
#2 [internal function]: CodeIgniter\Autoloader\Autoloader->loadClass('App\\Controllers...')
#3 [internal function]: spl_autoload_call('App\\Controllers...')
#4 D:\laragon\www\aodsab\vendor\codeigniter4\framework\system\CodeIgniter.php(790): class_exists('\\App\\Controller...', true)
#5 D:\laragon\www\aodsab\vendor\codeigniter4\framework\system\CodeIgniter.php(399): CodeIgniter\CodeIgniter->startController()
#6 D:\laragon\www\aodsab\vendor\codeigniter4\framework\system\CodeIgniter.php(320): CodeIgniter\CodeIgniter->handleRequest(NULL, Object(Config\Cache), false)
#7 D:\laragon\www\aodsab\public\index.php(37): CodeIgniter\CodeIgniter->run()
#8 D:\laragon\www\aodsab\vendor\codeigniter4\framework\system\Commands\Server\rewrite.php(43): require_once('D:\\laragon\\www\\...')
#9 {main}
CRITICAL - 2022-05-14 17:07:54 --> syntax error, unexpected 'public' (T_PUBLIC), expecting ';' or '{'
#0 D:\laragon\www\aodsab\vendor\codeigniter4\framework\system\Autoloader\Autoloader.php(241): CodeIgniter\Autoloader\Autoloader->includeFile('D:\\laragon\\www\\...')
#1 D:\laragon\www\aodsab\vendor\codeigniter4\framework\system\Autoloader\Autoloader.php(219): CodeIgniter\Autoloader\Autoloader->loadInNamespace('App\\Controllers...')
#2 [internal function]: CodeIgniter\Autoloader\Autoloader->loadClass('App\\Controllers...')
#3 [internal function]: spl_autoload_call('App\\Controllers...')
#4 D:\laragon\www\aodsab\vendor\codeigniter4\framework\system\CodeIgniter.php(790): class_exists('\\App\\Controller...', true)
#5 D:\laragon\www\aodsab\vendor\codeigniter4\framework\system\CodeIgniter.php(399): CodeIgniter\CodeIgniter->startController()
#6 D:\laragon\www\aodsab\vendor\codeigniter4\framework\system\CodeIgniter.php(320): CodeIgniter\CodeIgniter->handleRequest(NULL, Object(Config\Cache), false)
#7 D:\laragon\www\aodsab\public\index.php(37): CodeIgniter\CodeIgniter->run()
#8 D:\laragon\www\aodsab\vendor\codeigniter4\framework\system\Commands\Server\rewrite.php(43): require_once('D:\\laragon\\www\\...')
#9 {main}
CRITICAL - 2022-05-14 17:07:55 --> syntax error, unexpected 'public' (T_PUBLIC), expecting ';' or '{'
#0 D:\laragon\www\aodsab\vendor\codeigniter4\framework\system\Autoloader\Autoloader.php(241): CodeIgniter\Autoloader\Autoloader->includeFile('D:\\laragon\\www\\...')
#1 D:\laragon\www\aodsab\vendor\codeigniter4\framework\system\Autoloader\Autoloader.php(219): CodeIgniter\Autoloader\Autoloader->loadInNamespace('App\\Controllers...')
#2 [internal function]: CodeIgniter\Autoloader\Autoloader->loadClass('App\\Controllers...')
#3 [internal function]: spl_autoload_call('App\\Controllers...')
#4 D:\laragon\www\aodsab\vendor\codeigniter4\framework\system\CodeIgniter.php(790): class_exists('\\App\\Controller...', true)
#5 D:\laragon\www\aodsab\vendor\codeigniter4\framework\system\CodeIgniter.php(399): CodeIgniter\CodeIgniter->startController()
#6 D:\laragon\www\aodsab\vendor\codeigniter4\framework\system\CodeIgniter.php(320): CodeIgniter\CodeIgniter->handleRequest(NULL, Object(Config\Cache), false)
#7 D:\laragon\www\aodsab\public\index.php(37): CodeIgniter\CodeIgniter->run()
#8 D:\laragon\www\aodsab\vendor\codeigniter4\framework\system\Commands\Server\rewrite.php(43): require_once('D:\\laragon\\www\\...')
#9 {main}
CRITICAL - 2022-05-14 17:07:56 --> syntax error, unexpected 'public' (T_PUBLIC), expecting ';' or '{'
#0 D:\laragon\www\aodsab\vendor\codeigniter4\framework\system\Autoloader\Autoloader.php(241): CodeIgniter\Autoloader\Autoloader->includeFile('D:\\laragon\\www\\...')
#1 D:\laragon\www\aodsab\vendor\codeigniter4\framework\system\Autoloader\Autoloader.php(219): CodeIgniter\Autoloader\Autoloader->loadInNamespace('App\\Controllers...')
#2 [internal function]: CodeIgniter\Autoloader\Autoloader->loadClass('App\\Controllers...')
#3 [internal function]: spl_autoload_call('App\\Controllers...')
#4 D:\laragon\www\aodsab\vendor\codeigniter4\framework\system\CodeIgniter.php(790): class_exists('\\App\\Controller...', true)
#5 D:\laragon\www\aodsab\vendor\codeigniter4\framework\system\CodeIgniter.php(399): CodeIgniter\CodeIgniter->startController()
#6 D:\laragon\www\aodsab\vendor\codeigniter4\framework\system\CodeIgniter.php(320): CodeIgniter\CodeIgniter->handleRequest(NULL, Object(Config\Cache), false)
#7 D:\laragon\www\aodsab\public\index.php(37): CodeIgniter\CodeIgniter->run()
#8 D:\laragon\www\aodsab\vendor\codeigniter4\framework\system\Commands\Server\rewrite.php(43): require_once('D:\\laragon\\www\\...')
#9 {main}
CRITICAL - 2022-05-14 17:10:27 --> syntax error, unexpected 'public' (T_PUBLIC), expecting ';' or '{'
#0 D:\laragon\www\aodsab\vendor\codeigniter4\framework\system\Autoloader\Autoloader.php(241): CodeIgniter\Autoloader\Autoloader->includeFile('D:\\laragon\\www\\...')
#1 D:\laragon\www\aodsab\vendor\codeigniter4\framework\system\Autoloader\Autoloader.php(219): CodeIgniter\Autoloader\Autoloader->loadInNamespace('App\\Controllers...')
#2 [internal function]: CodeIgniter\Autoloader\Autoloader->loadClass('App\\Controllers...')
#3 [internal function]: spl_autoload_call('App\\Controllers...')
#4 D:\laragon\www\aodsab\vendor\codeigniter4\framework\system\CodeIgniter.php(790): class_exists('\\App\\Controller...', true)
#5 D:\laragon\www\aodsab\vendor\codeigniter4\framework\system\CodeIgniter.php(399): CodeIgniter\CodeIgniter->startController()
#6 D:\laragon\www\aodsab\vendor\codeigniter4\framework\system\CodeIgniter.php(320): CodeIgniter\CodeIgniter->handleRequest(NULL, Object(Config\Cache), false)
#7 D:\laragon\www\aodsab\public\index.php(37): CodeIgniter\CodeIgniter->run()
#8 D:\laragon\www\aodsab\vendor\codeigniter4\framework\system\Commands\Server\rewrite.php(43): require_once('D:\\laragon\\www\\...')
#9 {main}
CRITICAL - 2022-05-14 17:11:09 --> syntax error, unexpected ')', expecting ']'
#0 D:\laragon\www\aodsab\vendor\codeigniter4\framework\system\Autoloader\Autoloader.php(241): CodeIgniter\Autoloader\Autoloader->includeFile('D:\\laragon\\www\\...')
#1 D:\laragon\www\aodsab\vendor\codeigniter4\framework\system\Autoloader\Autoloader.php(219): CodeIgniter\Autoloader\Autoloader->loadInNamespace('App\\Controllers...')
#2 [internal function]: CodeIgniter\Autoloader\Autoloader->loadClass('App\\Controllers...')
#3 [internal function]: spl_autoload_call('App\\Controllers...')
#4 D:\laragon\www\aodsab\vendor\codeigniter4\framework\system\CodeIgniter.php(790): class_exists('\\App\\Controller...', true)
#5 D:\laragon\www\aodsab\vendor\codeigniter4\framework\system\CodeIgniter.php(399): CodeIgniter\CodeIgniter->startController()
#6 D:\laragon\www\aodsab\vendor\codeigniter4\framework\system\CodeIgniter.php(320): CodeIgniter\CodeIgniter->handleRequest(NULL, Object(Config\Cache), false)
#7 D:\laragon\www\aodsab\public\index.php(37): CodeIgniter\CodeIgniter->run()
#8 D:\laragon\www\aodsab\vendor\codeigniter4\framework\system\Commands\Server\rewrite.php(43): require_once('D:\\laragon\\www\\...')
#9 {main}
CRITICAL - 2022-05-14 17:12:28 --> Call to undefined method App\Controllers\Staff::getPeriodistas()
#0 D:\laragon\www\aodsab\vendor\codeigniter4\framework\system\CodeIgniter.php(825): App\Controllers\Staff->index()
#1 D:\laragon\www\aodsab\vendor\codeigniter4\framework\system\CodeIgniter.php(412): CodeIgniter\CodeIgniter->runController(Object(App\Controllers\Staff))
#2 D:\laragon\www\aodsab\vendor\codeigniter4\framework\system\CodeIgniter.php(320): CodeIgniter\CodeIgniter->handleRequest(NULL, Object(Config\Cache), false)
#3 D:\laragon\www\aodsab\public\index.php(37): CodeIgniter\CodeIgniter->run()
#4 D:\laragon\www\aodsab\vendor\codeigniter4\framework\system\Commands\Server\rewrite.php(43): require_once('D:\\laragon\\www\\...')
#5 {main}
CRITICAL - 2022-05-14 17:15:04 --> Call to undefined method App\Controllers\Staff::getstaff()
#0 D:\laragon\www\aodsab\vendor\codeigniter4\framework\system\CodeIgniter.php(825): App\Controllers\Staff->index()
#1 D:\laragon\www\aodsab\vendor\codeigniter4\framework\system\CodeIgniter.php(412): CodeIgniter\CodeIgniter->runController(Object(App\Controllers\Staff))
#2 D:\laragon\www\aodsab\vendor\codeigniter4\framework\system\CodeIgniter.php(320): CodeIgniter\CodeIgniter->handleRequest(NULL, Object(Config\Cache), false)
#3 D:\laragon\www\aodsab\public\index.php(37): CodeIgniter\CodeIgniter->run()
#4 D:\laragon\www\aodsab\vendor\codeigniter4\framework\system\Commands\Server\rewrite.php(43): require_once('D:\\laragon\\www\\...')
#5 {main}
CRITICAL - 2022-05-14 17:16:50 --> Call to undefined method App\Controllers\Staff::getStaff()
#0 D:\laragon\www\aodsab\vendor\codeigniter4\framework\system\CodeIgniter.php(825): App\Controllers\Staff->index()
#1 D:\laragon\www\aodsab\vendor\codeigniter4\framework\system\CodeIgniter.php(412): CodeIgniter\CodeIgniter->runController(Object(App\Controllers\Staff))
#2 D:\laragon\www\aodsab\vendor\codeigniter4\framework\system\CodeIgniter.php(320): CodeIgniter\CodeIgniter->handleRequest(NULL, Object(Config\Cache), false)
#3 D:\laragon\www\aodsab\public\index.php(37): CodeIgniter\CodeIgniter->run()
#4 D:\laragon\www\aodsab\vendor\codeigniter4\framework\system\Commands\Server\rewrite.php(43): require_once('D:\\laragon\\www\\...')
#5 {main}
CRITICAL - 2022-05-14 17:16:54 --> syntax error, unexpected ''updated_at'' (T_CONSTANT_ENCAPSED_STRING), expecting ']'
#0 D:\laragon\www\aodsab\vendor\codeigniter4\framework\system\Autoloader\Autoloader.php(241): CodeIgniter\Autoloader\Autoloader->includeFile('D:\\laragon\\www\\...')
#1 D:\laragon\www\aodsab\vendor\codeigniter4\framework\system\Autoloader\Autoloader.php(219): CodeIgniter\Autoloader\Autoloader->loadInNamespace('App\\Controllers...')
#2 [internal function]: CodeIgniter\Autoloader\Autoloader->loadClass('App\\Controllers...')
#3 [internal function]: spl_autoload_call('App\\Controllers...')
#4 D:\laragon\www\aodsab\vendor\codeigniter4\framework\system\CodeIgniter.php(790): class_exists('\\App\\Controller...', true)
#5 D:\laragon\www\aodsab\vendor\codeigniter4\framework\system\CodeIgniter.php(399): CodeIgniter\CodeIgniter->startController()
#6 D:\laragon\www\aodsab\vendor\codeigniter4\framework\system\CodeIgniter.php(320): CodeIgniter\CodeIgniter->handleRequest(NULL, Object(Config\Cache), false)
#7 D:\laragon\www\aodsab\public\index.php(37): CodeIgniter\CodeIgniter->run()
#8 D:\laragon\www\aodsab\vendor\codeigniter4\framework\system\Commands\Server\rewrite.php(43): require_once('D:\\laragon\\www\\...')
#9 {main}
ERROR - 2022-05-14 17:17:57 --> Error connecting to the database: No se puede establecer una conexión ya que el equipo de destino denegó expresamente dicha conexión.

CRITICAL - 2022-05-14 17:17:57 --> Unable to connect to the database.
Main connection [MySQLi]: No se puede establecer una conexión ya que el equipo de destino denegó expresamente dicha conexión.

#0 D:\laragon\www\aodsab\vendor\codeigniter4\framework\system\Database\BaseConnection.php(577): CodeIgniter\Database\BaseConnection->initialize()
#1 D:\laragon\www\aodsab\vendor\codeigniter4\framework\system\Database\BaseBuilder.php(1455): CodeIgniter\Database\BaseConnection->query('SELECT *\nFROM `...', Array, false)
#2 D:\laragon\www\aodsab\vendor\codeigniter4\framework\system\Model.php(183): CodeIgniter\Database\BaseBuilder->get()
#3 D:\laragon\www\aodsab\vendor\codeigniter4\framework\system\BaseModel.php(584): CodeIgniter\Model->doFindAll(0, 0)
#4 D:\laragon\www\aodsab\app\Controllers\CategoriaController.php(16): CodeIgniter\BaseModel->findAll()
#5 D:\laragon\www\aodsab\vendor\codeigniter4\framework\system\CodeIgniter.php(825): App\Controllers\CategoriaController->index()
#6 D:\laragon\www\aodsab\vendor\codeigniter4\framework\system\CodeIgniter.php(412): CodeIgniter\CodeIgniter->runController(Object(App\Controllers\CategoriaController))
#7 D:\laragon\www\aodsab\vendor\codeigniter4\framework\system\CodeIgniter.php(320): CodeIgniter\CodeIgniter->handleRequest(NULL, Object(Config\Cache), false)
#8 D:\laragon\www\aodsab\public\index.php(37): CodeIgniter\CodeIgniter->run()
#9 D:\laragon\www\aodsab\vendor\codeigniter4\framework\system\Commands\Server\rewrite.php(43): require_once('D:\\laragon\\www\\...')
#10 {main}
ERROR - 2022-05-14 17:18:29 --> Error connecting to the database: No se puede establecer una conexión ya que el equipo de destino denegó expresamente dicha conexión.

CRITICAL - 2022-05-14 17:19:08 --> Call to undefined method App\Controllers\Staff::getStaff()
#0 D:\laragon\www\aodsab\vendor\codeigniter4\framework\system\CodeIgniter.php(825): App\Controllers\Staff->index()
#1 D:\laragon\www\aodsab\vendor\codeigniter4\framework\system\CodeIgniter.php(412): CodeIgniter\CodeIgniter->runController(Object(App\Controllers\Staff))
#2 D:\laragon\www\aodsab\vendor\codeigniter4\framework\system\CodeIgniter.php(320): CodeIgniter\CodeIgniter->handleRequest(NULL, Object(Config\Cache), false)
#3 D:\laragon\www\aodsab\public\index.php(37): CodeIgniter\CodeIgniter->run()
#4 D:\laragon\www\aodsab\vendor\codeigniter4\framework\system\Commands\Server\rewrite.php(43): require_once('D:\\laragon\\www\\...')
#5 {main}
CRITICAL - 2022-05-14 17:21:22 --> Call to undefined method App\Controllers\Staff::getAll()
#0 D:\laragon\www\aodsab\vendor\codeigniter4\framework\system\CodeIgniter.php(825): App\Controllers\Staff->index()
#1 D:\laragon\www\aodsab\vendor\codeigniter4\framework\system\CodeIgniter.php(412): CodeIgniter\CodeIgniter->runController(Object(App\Controllers\Staff))
#2 D:\laragon\www\aodsab\vendor\codeigniter4\framework\system\CodeIgniter.php(320): CodeIgniter\CodeIgniter->handleRequest(NULL, Object(Config\Cache), false)
#3 D:\laragon\www\aodsab\public\index.php(37): CodeIgniter\CodeIgniter->run()
#4 D:\laragon\www\aodsab\vendor\codeigniter4\framework\system\Commands\Server\rewrite.php(43): require_once('D:\\laragon\\www\\...')
#5 {main}
CRITICAL - 2022-05-14 17:21:33 --> Call to undefined method App\Controllers\Staff::findAll()
#0 D:\laragon\www\aodsab\vendor\codeigniter4\framework\system\CodeIgniter.php(825): App\Controllers\Staff->index()
#1 D:\laragon\www\aodsab\vendor\codeigniter4\framework\system\CodeIgniter.php(412): CodeIgniter\CodeIgniter->runController(Object(App\Controllers\Staff))
#2 D:\laragon\www\aodsab\vendor\codeigniter4\framework\system\CodeIgniter.php(320): CodeIgniter\CodeIgniter->handleRequest(NULL, Object(Config\Cache), false)
#3 D:\laragon\www\aodsab\public\index.php(37): CodeIgniter\CodeIgniter->run()
#4 D:\laragon\www\aodsab\vendor\codeigniter4\framework\system\Commands\Server\rewrite.php(43): require_once('D:\\laragon\\www\\...')
#5 {main}
CRITICAL - 2022-05-14 17:22:11 --> Call to undefined method App\Controllers\Staff::findAll()
#0 D:\laragon\www\aodsab\vendor\codeigniter4\framework\system\CodeIgniter.php(825): App\Controllers\Staff->index()
#1 D:\laragon\www\aodsab\vendor\codeigniter4\framework\system\CodeIgniter.php(412): CodeIgniter\CodeIgniter->runController(Object(App\Controllers\Staff))
#2 D:\laragon\www\aodsab\vendor\codeigniter4\framework\system\CodeIgniter.php(320): CodeIgniter\CodeIgniter->handleRequest(NULL, Object(Config\Cache), false)
#3 D:\laragon\www\aodsab\public\index.php(37): CodeIgniter\CodeIgniter->run()
#4 D:\laragon\www\aodsab\vendor\codeigniter4\framework\system\Commands\Server\rewrite.php(43): require_once('D:\\laragon\\www\\...')
#5 {main}
CRITICAL - 2022-05-14 17:24:35 --> Cannot declare class App\Controllers\Staff because the name is already in use
#0 [internal function]: CodeIgniter\Debug\Exceptions->shutdownHandler()
#1 {main}
CRITICAL - 2022-05-14 17:26:07 --> Undefined variable: ttulo
#0 D:\laragon\www\aodsab\app\Views\staff\index.php(5): CodeIgniter\Debug\Exceptions->errorHandler(8, 'Undefined varia...', 'D:\\laragon\\www\\...', 5, Array)
#1 D:\laragon\www\aodsab\vendor\codeigniter4\framework\system\View\View.php(210): include('D:\\laragon\\www\\...')
#2 D:\laragon\www\aodsab\vendor\codeigniter4\framework\system\View\View.php(213): CodeIgniter\View\View->CodeIgniter\View\{closure}()
#3 D:\laragon\www\aodsab\vendor\codeigniter4\framework\system\Common.php(1089): CodeIgniter\View\View->render('staff/index', Array, true)
#4 D:\laragon\www\aodsab\app\Controllers\StaffController.php(19): view('staff/index', Array)
#5 D:\laragon\www\aodsab\vendor\codeigniter4\framework\system\CodeIgniter.php(825): App\Controllers\StaffController->index()
#6 D:\laragon\www\aodsab\vendor\codeigniter4\framework\system\CodeIgniter.php(412): CodeIgniter\CodeIgniter->runController(Object(App\Controllers\StaffController))
#7 D:\laragon\www\aodsab\vendor\codeigniter4\framework\system\CodeIgniter.php(320): CodeIgniter\CodeIgniter->handleRequest(NULL, Object(Config\Cache), false)
#8 D:\laragon\www\aodsab\public\index.php(37): CodeIgniter\CodeIgniter->run()
#9 D:\laragon\www\aodsab\vendor\codeigniter4\framework\system\Commands\Server\rewrite.php(43): require_once('D:\\laragon\\www\\...')
#10 {main}
