CRITICAL - 2022-05-21 15:00:53 --> syntax error, unexpected ''periodista'' (T_CONSTANT_ENCAPSED_STRING), expecting ']'
#0 D:\laragon\www\aodsab\vendor\codeigniter4\framework\system\Autoloader\Autoloader.php(241): CodeIgniter\Autoloader\Autoloader->includeFile('D:\\laragon\\www\\...')
#1 D:\laragon\www\aodsab\vendor\codeigniter4\framework\system\Autoloader\Autoloader.php(219): CodeIgniter\Autoloader\Autoloader->loadInNamespace('App\\Controllers...')
#2 [internal function]: CodeIgniter\Autoloader\Autoloader->loadClass('App\\Controllers...')
#3 [internal function]: spl_autoload_call('App\\Controllers...')
#4 D:\laragon\www\aodsab\vendor\codeigniter4\framework\system\CodeIgniter.php(790): class_exists('\\App\\Controller...', true)
#5 D:\laragon\www\aodsab\vendor\codeigniter4\framework\system\CodeIgniter.php(399): CodeIgniter\CodeIgniter->startController()
#6 D:\laragon\www\aodsab\vendor\codeigniter4\framework\system\CodeIgniter.php(320): CodeIgniter\CodeIgniter->handleRequest(NULL, Object(Config\Cache), false)
#7 D:\laragon\www\aodsab\public\index.php(37): CodeIgniter\CodeIgniter->run()
#8 D:\laragon\www\aodsab\vendor\codeigniter4\framework\system\Commands\Server\rewrite.php(43): require_once('D:\\laragon\\www\\...')
#9 {main}
CRITICAL - 2022-05-21 15:34:21 --> syntax error, unexpected ''periodistas'' (T_CONSTANT_ENCAPSED_STRING), expecting ']'
#0 D:\laragon\www\aodsab\vendor\codeigniter4\framework\system\Autoloader\Autoloader.php(241): CodeIgniter\Autoloader\Autoloader->includeFile('D:\\laragon\\www\\...')
#1 D:\laragon\www\aodsab\vendor\codeigniter4\framework\system\Autoloader\Autoloader.php(219): CodeIgniter\Autoloader\Autoloader->loadInNamespace('App\\Controllers...')
#2 [internal function]: CodeIgniter\Autoloader\Autoloader->loadClass('App\\Controllers...')
#3 [internal function]: spl_autoload_call('App\\Controllers...')
#4 D:\laragon\www\aodsab\vendor\codeigniter4\framework\system\CodeIgniter.php(790): class_exists('\\App\\Controller...', true)
#5 D:\laragon\www\aodsab\vendor\codeigniter4\framework\system\CodeIgniter.php(399): CodeIgniter\CodeIgniter->startController()
#6 D:\laragon\www\aodsab\vendor\codeigniter4\framework\system\CodeIgniter.php(320): CodeIgniter\CodeIgniter->handleRequest(NULL, Object(Config\Cache), false)
#7 D:\laragon\www\aodsab\public\index.php(37): CodeIgniter\CodeIgniter->run()
#8 D:\laragon\www\aodsab\vendor\codeigniter4\framework\system\Commands\Server\rewrite.php(43): require_once('D:\\laragon\\www\\...')
#9 {main}
