ERROR - 2022-04-30 16:48:13 --> Error connecting to the database: Access denied for user ''@'localhost' (using password: NO)
CRITICAL - 2022-04-30 16:48:13 --> Unable to connect to the database.
Main connection [MySQLi]: Access denied for user ''@'localhost' (using password: NO)
#0 D:\laragon\www\aodsab\vendor\codeigniter4\framework\system\Database\BaseConnection.php(577): CodeIgniter\Database\BaseConnection->initialize()
#1 D:\laragon\www\aodsab\vendor\codeigniter4\framework\system\Database\BaseBuilder.php(1455): CodeIgniter\Database\BaseConnection->query('SELECT *\nFROM `...', Array, false)
#2 D:\laragon\www\aodsab\vendor\codeigniter4\framework\system\Model.php(183): CodeIgniter\Database\BaseBuilder->get()
#3 D:\laragon\www\aodsab\vendor\codeigniter4\framework\system\BaseModel.php(584): CodeIgniter\Model->doFindAll(0, 0)
#4 D:\laragon\www\aodsab\app\Models\PeriodistaModel.php(46): CodeIgniter\BaseModel->findAll()
#5 D:\laragon\www\aodsab\app\Controllers\PeriodistaController.php(21): App\Models\PeriodistaModel->getPeriodistas()
#6 D:\laragon\www\aodsab\vendor\codeigniter4\framework\system\CodeIgniter.php(825): App\Controllers\PeriodistaController->index()
#7 D:\laragon\www\aodsab\vendor\codeigniter4\framework\system\CodeIgniter.php(412): CodeIgniter\CodeIgniter->runController(Object(App\Controllers\PeriodistaController))
#8 D:\laragon\www\aodsab\vendor\codeigniter4\framework\system\CodeIgniter.php(320): CodeIgniter\CodeIgniter->handleRequest(NULL, Object(Config\Cache), false)
#9 D:\laragon\www\aodsab\public\index.php(37): CodeIgniter\CodeIgniter->run()
#10 D:\laragon\www\aodsab\vendor\codeigniter4\framework\system\Commands\Server\rewrite.php(43): require_once('D:\\laragon\\www\\...')
#11 {main}
ERROR - 2022-04-30 16:48:35 --> Error connecting to the database: Access denied for user ''@'localhost' (using password: NO)
CRITICAL - 2022-04-30 16:48:35 --> Unable to connect to the database.
Main connection [MySQLi]: Access denied for user ''@'localhost' (using password: NO)
#0 D:\laragon\www\aodsab\vendor\codeigniter4\framework\system\Database\BaseConnection.php(577): CodeIgniter\Database\BaseConnection->initialize()
#1 D:\laragon\www\aodsab\vendor\codeigniter4\framework\system\Database\BaseBuilder.php(1455): CodeIgniter\Database\BaseConnection->query('SELECT *\nFROM `...', Array, false)
#2 D:\laragon\www\aodsab\vendor\codeigniter4\framework\system\Model.php(183): CodeIgniter\Database\BaseBuilder->get()
#3 D:\laragon\www\aodsab\vendor\codeigniter4\framework\system\BaseModel.php(584): CodeIgniter\Model->doFindAll(0, 0)
#4 D:\laragon\www\aodsab\app\Models\NewsModel.php(46): CodeIgniter\BaseModel->findAll()
#5 D:\laragon\www\aodsab\app\Controllers\NewsController.php(16): App\Models\NewsModel->getNews()
#6 D:\laragon\www\aodsab\vendor\codeigniter4\framework\system\CodeIgniter.php(825): App\Controllers\NewsController->index()
#7 D:\laragon\www\aodsab\vendor\codeigniter4\framework\system\CodeIgniter.php(412): CodeIgniter\CodeIgniter->runController(Object(App\Controllers\NewsController))
#8 D:\laragon\www\aodsab\vendor\codeigniter4\framework\system\CodeIgniter.php(320): CodeIgniter\CodeIgniter->handleRequest(NULL, Object(Config\Cache), false)
#9 D:\laragon\www\aodsab\public\index.php(37): CodeIgniter\CodeIgniter->run()
#10 D:\laragon\www\aodsab\vendor\codeigniter4\framework\system\Commands\Server\rewrite.php(43): require_once('D:\\laragon\\www\\...')
#11 {main}
ERROR - 2022-04-30 16:52:01 --> Error connecting to the database: Access denied for user ''@'localhost' (using password: NO)
CRITICAL - 2022-04-30 16:52:01 --> Unable to connect to the database.
Main connection [MySQLi]: Access denied for user ''@'localhost' (using password: NO)
#0 D:\laragon\www\aodsab\vendor\codeigniter4\framework\system\Database\BaseConnection.php(577): CodeIgniter\Database\BaseConnection->initialize()
#1 D:\laragon\www\aodsab\vendor\codeigniter4\framework\system\Database\BaseBuilder.php(1455): CodeIgniter\Database\BaseConnection->query('SELECT *\nFROM `...', Array, false)
#2 D:\laragon\www\aodsab\vendor\codeigniter4\framework\system\Model.php(183): CodeIgniter\Database\BaseBuilder->get()
#3 D:\laragon\www\aodsab\vendor\codeigniter4\framework\system\BaseModel.php(584): CodeIgniter\Model->doFindAll(0, 0)
#4 D:\laragon\www\aodsab\app\Models\PeriodistaModel.php(46): CodeIgniter\BaseModel->findAll()
#5 D:\laragon\www\aodsab\app\Controllers\PeriodistaController.php(21): App\Models\PeriodistaModel->getPeriodistas()
#6 D:\laragon\www\aodsab\vendor\codeigniter4\framework\system\CodeIgniter.php(825): App\Controllers\PeriodistaController->index()
#7 D:\laragon\www\aodsab\vendor\codeigniter4\framework\system\CodeIgniter.php(412): CodeIgniter\CodeIgniter->runController(Object(App\Controllers\PeriodistaController))
#8 D:\laragon\www\aodsab\vendor\codeigniter4\framework\system\CodeIgniter.php(320): CodeIgniter\CodeIgniter->handleRequest(NULL, Object(Config\Cache), false)
#9 D:\laragon\www\aodsab\public\index.php(37): CodeIgniter\CodeIgniter->run()
#10 D:\laragon\www\aodsab\vendor\codeigniter4\framework\system\Commands\Server\rewrite.php(43): require_once('D:\\laragon\\www\\...')
#11 {main}
ERROR - 2022-04-30 16:52:03 --> Error connecting to the database: Access denied for user ''@'localhost' (using password: NO)
CRITICAL - 2022-04-30 16:52:03 --> Unable to connect to the database.
Main connection [MySQLi]: Access denied for user ''@'localhost' (using password: NO)
#0 D:\laragon\www\aodsab\vendor\codeigniter4\framework\system\Database\BaseConnection.php(577): CodeIgniter\Database\BaseConnection->initialize()
#1 D:\laragon\www\aodsab\vendor\codeigniter4\framework\system\Database\BaseBuilder.php(1455): CodeIgniter\Database\BaseConnection->query('SELECT *\nFROM `...', Array, false)
#2 D:\laragon\www\aodsab\vendor\codeigniter4\framework\system\Model.php(183): CodeIgniter\Database\BaseBuilder->get()
#3 D:\laragon\www\aodsab\vendor\codeigniter4\framework\system\BaseModel.php(584): CodeIgniter\Model->doFindAll(0, 0)
#4 D:\laragon\www\aodsab\app\Models\PeriodistaModel.php(46): CodeIgniter\BaseModel->findAll()
#5 D:\laragon\www\aodsab\app\Controllers\PeriodistaController.php(21): App\Models\PeriodistaModel->getPeriodistas()
#6 D:\laragon\www\aodsab\vendor\codeigniter4\framework\system\CodeIgniter.php(825): App\Controllers\PeriodistaController->index()
#7 D:\laragon\www\aodsab\vendor\codeigniter4\framework\system\CodeIgniter.php(412): CodeIgniter\CodeIgniter->runController(Object(App\Controllers\PeriodistaController))
#8 D:\laragon\www\aodsab\vendor\codeigniter4\framework\system\CodeIgniter.php(320): CodeIgniter\CodeIgniter->handleRequest(NULL, Object(Config\Cache), false)
#9 D:\laragon\www\aodsab\public\index.php(37): CodeIgniter\CodeIgniter->run()
#10 D:\laragon\www\aodsab\vendor\codeigniter4\framework\system\Commands\Server\rewrite.php(43): require_once('D:\\laragon\\www\\...')
#11 {main}
ERROR - 2022-04-30 17:00:37 --> Error connecting to the database: Access denied for user ''@'localhost' (using password: NO)
CRITICAL - 2022-04-30 17:00:37 --> Unable to connect to the database.
Main connection [MySQLi]: Access denied for user ''@'localhost' (using password: NO)
#0 D:\laragon\www\aodsab\vendor\codeigniter4\framework\system\Database\BaseConnection.php(577): CodeIgniter\Database\BaseConnection->initialize()
#1 D:\laragon\www\aodsab\vendor\codeigniter4\framework\system\Database\BaseBuilder.php(1455): CodeIgniter\Database\BaseConnection->query('SELECT *\nFROM `...', Array, false)
#2 D:\laragon\www\aodsab\vendor\codeigniter4\framework\system\Model.php(183): CodeIgniter\Database\BaseBuilder->get()
#3 D:\laragon\www\aodsab\vendor\codeigniter4\framework\system\BaseModel.php(584): CodeIgniter\Model->doFindAll(0, 0)
#4 D:\laragon\www\aodsab\app\Models\PeriodistaModel.php(46): CodeIgniter\BaseModel->findAll()
#5 D:\laragon\www\aodsab\app\Controllers\PeriodistaController.php(21): App\Models\PeriodistaModel->getPeriodistas()
#6 D:\laragon\www\aodsab\vendor\codeigniter4\framework\system\CodeIgniter.php(825): App\Controllers\PeriodistaController->index()
#7 D:\laragon\www\aodsab\vendor\codeigniter4\framework\system\CodeIgniter.php(412): CodeIgniter\CodeIgniter->runController(Object(App\Controllers\PeriodistaController))
#8 D:\laragon\www\aodsab\vendor\codeigniter4\framework\system\CodeIgniter.php(320): CodeIgniter\CodeIgniter->handleRequest(NULL, Object(Config\Cache), false)
#9 D:\laragon\www\aodsab\public\index.php(37): CodeIgniter\CodeIgniter->run()
#10 D:\laragon\www\aodsab\vendor\codeigniter4\framework\system\Commands\Server\rewrite.php(43): require_once('D:\\laragon\\www\\...')
#11 {main}
ERROR - 2022-04-30 17:01:00 --> Error connecting to the database: Access denied for user ''@'localhost' (using password: NO)
ERROR - 2022-04-30 17:01:00 --> Error connecting to the database: Access denied for user ''@'localhost' (using password: NO)
ERROR - 2022-04-30 17:35:27 --> Error connecting to the database: Access denied for user ''@'localhost' (using password: NO)
CRITICAL - 2022-04-30 17:35:27 --> Unable to connect to the database.
Main connection [MySQLi]: Access denied for user ''@'localhost' (using password: NO)
#0 D:\laragon\www\aodsab\vendor\codeigniter4\framework\system\Database\BaseConnection.php(577): CodeIgniter\Database\BaseConnection->initialize()
#1 D:\laragon\www\aodsab\vendor\codeigniter4\framework\system\Database\BaseBuilder.php(1455): CodeIgniter\Database\BaseConnection->query('SELECT *\nFROM `...', Array, false)
#2 D:\laragon\www\aodsab\vendor\codeigniter4\framework\system\Model.php(183): CodeIgniter\Database\BaseBuilder->get()
#3 D:\laragon\www\aodsab\vendor\codeigniter4\framework\system\BaseModel.php(584): CodeIgniter\Model->doFindAll(0, 0)
#4 D:\laragon\www\aodsab\app\Models\PeriodistaModel.php(46): CodeIgniter\BaseModel->findAll()
#5 D:\laragon\www\aodsab\app\Controllers\PeriodistaController.php(21): App\Models\PeriodistaModel->getPeriodistas()
#6 D:\laragon\www\aodsab\vendor\codeigniter4\framework\system\CodeIgniter.php(825): App\Controllers\PeriodistaController->index()
#7 D:\laragon\www\aodsab\vendor\codeigniter4\framework\system\CodeIgniter.php(412): CodeIgniter\CodeIgniter->runController(Object(App\Controllers\PeriodistaController))
#8 D:\laragon\www\aodsab\vendor\codeigniter4\framework\system\CodeIgniter.php(320): CodeIgniter\CodeIgniter->handleRequest(NULL, Object(Config\Cache), false)
#9 D:\laragon\www\aodsab\public\index.php(37): CodeIgniter\CodeIgniter->run()
#10 D:\laragon\www\aodsab\vendor\codeigniter4\framework\system\Commands\Server\rewrite.php(43): require_once('D:\\laragon\\www\\...')
#11 {main}
ERROR - 2022-04-30 17:36:03 --> Error connecting to the database: php_network_getaddresses: getaddrinfo failed: Host desconocido. 
CRITICAL - 2022-04-30 17:36:03 --> Unable to connect to the database.
Main connection [MySQLi]: php_network_getaddresses: getaddrinfo failed: Host desconocido. 
#0 D:\laragon\www\aodsab\vendor\codeigniter4\framework\system\Database\BaseConnection.php(577): CodeIgniter\Database\BaseConnection->initialize()
#1 D:\laragon\www\aodsab\vendor\codeigniter4\framework\system\Database\BaseBuilder.php(1455): CodeIgniter\Database\BaseConnection->query('SELECT *\nFROM `...', Array, false)
#2 D:\laragon\www\aodsab\vendor\codeigniter4\framework\system\Model.php(183): CodeIgniter\Database\BaseBuilder->get()
#3 D:\laragon\www\aodsab\vendor\codeigniter4\framework\system\BaseModel.php(584): CodeIgniter\Model->doFindAll(0, 0)
#4 D:\laragon\www\aodsab\app\Models\PeriodistaModel.php(46): CodeIgniter\BaseModel->findAll()
#5 D:\laragon\www\aodsab\app\Controllers\PeriodistaController.php(21): App\Models\PeriodistaModel->getPeriodistas()
#6 D:\laragon\www\aodsab\vendor\codeigniter4\framework\system\CodeIgniter.php(825): App\Controllers\PeriodistaController->index()
#7 D:\laragon\www\aodsab\vendor\codeigniter4\framework\system\CodeIgniter.php(412): CodeIgniter\CodeIgniter->runController(Object(App\Controllers\PeriodistaController))
#8 D:\laragon\www\aodsab\vendor\codeigniter4\framework\system\CodeIgniter.php(320): CodeIgniter\CodeIgniter->handleRequest(NULL, Object(Config\Cache), false)
#9 D:\laragon\www\aodsab\public\index.php(37): CodeIgniter\CodeIgniter->run()
#10 D:\laragon\www\aodsab\vendor\codeigniter4\framework\system\Commands\Server\rewrite.php(43): require_once('D:\\laragon\\www\\...')
#11 {main}
ERROR - 2022-04-30 17:44:51 --> Error connecting to the database: Unknown database 'lalo'
